<?xml version="1.0" encoding="UTF-8"?>
<robot generator="Robot 3.2.2 (Python 3.9.2 on win32)" generated="20210312 20:22:31.607" rpa="false">
<suite id="s1" name="Menu" source="D:\Ines\Curso\Robot\mobile\menu.robot">
<test id="s1-t1" name="Deve abrir a tela principal">
<kw name="Open Application" library="AppiumLibrary">
<doc>Opens a new application to given Appium server.
Capabilities of appium server, Android and iOS,
Please check https://github.com/appium/appium/blob/master/docs/en/writing-running-appium/server-args.md
| *Option*            | *Man.* | *Description*     |
| remote_url          | Yes    | Appium server url |
| alias               | no     | alias             |</doc>
<arguments>
<arg>http://localhost:4723/wd/hub</arg>
<arg>automationName=UiAutomator2</arg>
<arg>platformName=Android</arg>
<arg>deviceName=Emulator</arg>
<arg>app=${EXECDIR}/app/twp.apk</arg>
</arguments>
<status status="PASS" starttime="20210312 20:22:31.858" endtime="20210312 20:22:50.669"></status>
</kw>
<kw name="Wait Until Page Contains" library="AppiumLibrary">
<doc>Waits until `text` appears on current page.</doc>
<arguments>
<arg>COMEÇAR</arg>
<arg>5</arg>
</arguments>
<status status="PASS" starttime="20210312 20:22:50.670" endtime="20210312 20:22:54.873"></status>
</kw>
<kw name="Click Text" library="AppiumLibrary">
<doc>Click text identified by ``text``.</doc>
<arguments>
<arg>COMEÇAR</arg>
</arguments>
<status status="PASS" starttime="20210312 20:22:54.874" endtime="20210312 20:22:55.188"></status>
</kw>
<kw name="Wait Until Element Is Visible" library="AppiumLibrary">
<doc>Waits until element specified with `locator` is visible.</doc>
<arguments>
<arg>id=io.qaninja.android.twp:id/toolbarTitle</arg>
<arg>5</arg>
</arguments>
<status status="PASS" starttime="20210312 20:22:55.189" endtime="20210312 20:22:56.459"></status>
</kw>
<kw name="Element Text Should Be" library="AppiumLibrary">
<doc>Verifies element identified by ``locator`` exactly contains text ``expected``.</doc>
<arguments>
<arg>id=io.qaninja.android.twp:id/toolbarTitle</arg>
<arg>AVANGER</arg>
</arguments>
<msg timestamp="20210312 20:22:56.460" level="INFO">Verifying element 'id=io.qaninja.android.twp:id/toolbarTitle' contains exactly text 'AVANGER'.</msg>
<kw name="Capture Page Screenshot" library="AppiumLibrary">
<doc>Takes a screenshot of the current page and embeds it into the log.</doc>
<msg timestamp="20210312 20:22:58.749" level="INFO" html="yes">&lt;/td&gt;&lt;/tr&gt;&lt;tr&gt;&lt;td colspan="3"&gt;&lt;a href="appium-screenshot-1.png"&gt;&lt;img src="appium-screenshot-1.png" width="800px"&gt;&lt;/a&gt;</msg>
<status status="PASS" starttime="20210312 20:22:56.553" endtime="20210312 20:22:58.750"></status>
</kw>
<msg timestamp="20210312 20:22:58.751" level="FAIL">The text of element 'id=io.qaninja.android.twp:id/toolbarTitle' should have been 'AVANGER' but in fact it was 'AVENGERS'.</msg>
<status status="FAIL" starttime="20210312 20:22:56.459" endtime="20210312 20:22:58.751"></status>
</kw>
<status status="FAIL" starttime="20210312 20:22:31.857" endtime="20210312 20:22:58.751" critical="yes">The text of element 'id=io.qaninja.android.twp:id/toolbarTitle' should have been 'AVANGER' but in fact it was 'AVENGERS'.</status>
</test>
<status status="FAIL" starttime="20210312 20:22:31.609" endtime="20210312 20:22:58.754"></status>
</suite>
<statistics>
<total>
<stat pass="0" fail="1">Critical Tests</stat>
<stat pass="0" fail="1">All Tests</stat>
</total>
<tag>
</tag>
<suite>
<stat pass="0" fail="1" id="s1" name="Menu">Menu</stat>
</suite>
</statistics>
<errors>
</errors>
</robot>
