<?xml version="1.0" encoding="UTF-8"?>
<robot generator="Robot 3.2.2 (Python 3.9.2 on win32)" generated="20210328 22:46:17.277" rpa="false">
<suite id="s1" name="Tests" source="D:\Ines\Curso\Robot\mobile\tests">
<suite id="s1-s1" name="Checkbox" source="D:\Ines\Curso\Robot\mobile\tests\checkbox.robot">
<test id="s1-s1-t1" name="Marcar a opção Robot Framework">
<kw name="Iniciando Aplicativo" library="base" type="setup">
<kw name="Set Appium Timeout" library="AppiumLibrary">
<doc>Sets the timeout in seconds used by various keywords.</doc>
<arguments>
<arg>5</arg>
</arguments>
<status status="PASS" starttime="20210328 22:46:17.560" endtime="20210328 22:46:17.560"></status>
</kw>
<kw name="Open Application" library="AppiumLibrary">
<doc>Opens a new application to given Appium server.
Capabilities of appium server, Android and iOS,
Please check https://github.com/appium/appium/blob/master/docs/en/writing-running-appium/server-args.md
| *Option*            | *Man.* | *Description*     |
| remote_url          | Yes    | Appium server url |
| alias               | no     | alias             |</doc>
<arguments>
<arg>http://localhost:4723/wd/hub</arg>
<arg>automationName=UiAutomator2</arg>
<arg>platformName=Android</arg>
<arg>deviceName=Emulator</arg>
<arg>app=${EXECDIR}/app/twp.apk</arg>
</arguments>
<status status="PASS" starttime="20210328 22:46:17.561" endtime="20210328 22:46:35.489"></status>
</kw>
<status status="PASS" starttime="20210328 22:46:17.559" endtime="20210328 22:46:35.489"></status>
</kw>
<kw name="Acesso o Sistema" library="base">
<kw name="Wait Until Page Contains" library="AppiumLibrary">
<doc>Waits until `text` appears on current page.</doc>
<arguments>
<arg>${START}</arg>
</arguments>
<status status="PASS" starttime="20210328 22:46:35.490" endtime="20210328 22:46:39.792"></status>
</kw>
<kw name="Click Text" library="AppiumLibrary">
<doc>Click text identified by ``text``.</doc>
<arguments>
<arg>${START}</arg>
</arguments>
<status status="PASS" starttime="20210328 22:46:39.793" endtime="20210328 22:46:40.085"></status>
</kw>
<kw name="Wait Until Element Is Visible" library="AppiumLibrary">
<doc>Waits until element specified with `locator` is visible.</doc>
<arguments>
<arg>${TOOL_TITLE}</arg>
</arguments>
<status status="PASS" starttime="20210328 22:46:40.086" endtime="20210328 22:46:41.403"></status>
</kw>
<kw name="Element Text Should Be" library="AppiumLibrary">
<doc>Verifies element identified by ``locator`` exactly contains text ``expected``.</doc>
<arguments>
<arg>${TOOL_TITLE}</arg>
<arg>AVENGERS</arg>
</arguments>
<msg timestamp="20210328 22:46:41.404" level="INFO">Verifying element 'id=io.qaninja.android.twp:id/toolbarTitle' contains exactly text 'AVENGERS'.</msg>
<status status="PASS" starttime="20210328 22:46:41.403" endtime="20210328 22:46:41.493"></status>
</kw>
<status status="PASS" starttime="20210328 22:46:35.490" endtime="20210328 22:46:41.493"></status>
</kw>
<kw name="Clico no Menu Hamburguer" library="helpers">
<kw name="Click Element" library="AppiumLibrary">
<doc>Click element identified by `locator`.</doc>
<arguments>
<arg>${HAMBURGUER}</arg>
</arguments>
<msg timestamp="20210328 22:46:41.496" level="INFO">Clicking element 'xpath=//android.widget.ImageButton[@content-desc="Open navigation drawer"]'.</msg>
<status status="PASS" starttime="20210328 22:46:41.494" endtime="20210328 22:46:41.673"></status>
</kw>
<kw name="Wait Until Element Is Visible" library="AppiumLibrary">
<doc>Waits until element specified with `locator` is visible.</doc>
<arguments>
<arg>${MENU}</arg>
</arguments>
<status status="PASS" starttime="20210328 22:46:41.673" endtime="20210328 22:46:42.789"></status>
</kw>
<status status="PASS" starttime="20210328 22:46:41.494" endtime="20210328 22:46:42.789"></status>
</kw>
<kw name="Clico no Menu Input" library="helpers">
<kw name="Click Text" library="AppiumLibrary">
<doc>Click text identified by ``text``.</doc>
<arguments>
<arg>INPUTS</arg>
</arguments>
<status status="PASS" starttime="20210328 22:46:42.791" endtime="20210328 22:46:43.132"></status>
</kw>
<kw name="Wait Until Element Is Visible" library="AppiumLibrary">
<doc>Waits until element specified with `locator` is visible.</doc>
<arguments>
<arg>${TOOL_TITLE}</arg>
</arguments>
<status status="PASS" starttime="20210328 22:46:43.132" endtime="20210328 22:46:44.172"></status>
</kw>
<kw name="Element Text Should Be" library="AppiumLibrary">
<doc>Verifies element identified by ``locator`` exactly contains text ``expected``.</doc>
<arguments>
<arg>${TOOL_TITLE}</arg>
<arg>INPUTS</arg>
</arguments>
<msg timestamp="20210328 22:46:44.175" level="INFO">Verifying element 'id=io.qaninja.android.twp:id/toolbarTitle' contains exactly text 'INPUTS'.</msg>
<status status="PASS" starttime="20210328 22:46:44.172" endtime="20210328 22:46:44.288"></status>
</kw>
<status status="PASS" starttime="20210328 22:46:42.790" endtime="20210328 22:46:44.288"></status>
</kw>
<kw name="Clico na opção CheckBox" library="helpers">
<kw name="Click Text" library="AppiumLibrary">
<doc>Click text identified by ``text``.</doc>
<arguments>
<arg>CHECKBOX</arg>
</arguments>
<status status="PASS" starttime="20210328 22:46:44.289" endtime="20210328 22:46:44.470"></status>
</kw>
<kw name="Wait Until Page Contains" library="AppiumLibrary">
<doc>Waits until `text` appears on current page.</doc>
<arguments>
<arg>Marque as techs que usam Appium</arg>
</arguments>
<status status="PASS" starttime="20210328 22:46:44.471" endtime="20210328 22:46:45.771"></status>
</kw>
<status status="PASS" starttime="20210328 22:46:44.289" endtime="20210328 22:46:45.771"></status>
</kw>
<kw name="Set Variable" library="BuiltIn">
<doc>Returns the given values which can then be assigned to a variables.</doc>
<arguments>
<arg>xpath=//android.widget.CheckBox[contains(@text, 'Robot Framework')]</arg>
</arguments>
<assign>
<var>${robot_frame}</var>
</assign>
<msg timestamp="20210328 22:46:45.772" level="INFO">${robot_frame} = xpath=//android.widget.CheckBox[contains(@text, 'Robot Framework')]</msg>
<status status="PASS" starttime="20210328 22:46:45.772" endtime="20210328 22:46:45.772"></status>
</kw>
<kw name="Click Element" library="AppiumLibrary">
<doc>Click element identified by `locator`.</doc>
<arguments>
<arg>${robot_frame}</arg>
</arguments>
<msg timestamp="20210328 22:46:45.773" level="INFO">Clicking element 'xpath=//android.widget.CheckBox[contains(@text, 'Robot Framework')]'.</msg>
<status status="PASS" starttime="20210328 22:46:45.772" endtime="20210328 22:46:45.911"></status>
</kw>
<kw name="Wait Until Element Is Visible" library="AppiumLibrary">
<doc>Waits until element specified with `locator` is visible.</doc>
<arguments>
<arg>id=io.qaninja.android.twp:id/rvContainer</arg>
</arguments>
<status status="PASS" starttime="20210328 22:46:45.912" endtime="20210328 22:46:46.882"></status>
</kw>
<kw name="Element Attribute Should Match" library="AppiumLibrary">
<doc>Verify that an attribute of an element matches the expected criteria.</doc>
<arguments>
<arg>${robot_frame}</arg>
<arg>checked</arg>
<arg>true</arg>
</arguments>
<msg timestamp="20210328 22:46:47.013" level="INFO">Element 'xpath=//android.widget.CheckBox[contains(@text, 'Robot Framework')]' attribute 'checked' is 'true' </msg>
<status status="PASS" starttime="20210328 22:46:46.883" endtime="20210328 22:46:47.013"></status>
</kw>
<kw name="Finalizando Aplicativo" library="base" type="teardown">
<kw name="Capture Page Screenshot" library="AppiumLibrary">
<doc>Takes a screenshot of the current page and embeds it into the log.</doc>
<msg timestamp="20210328 22:46:48.129" level="INFO" html="yes">&lt;/td&gt;&lt;/tr&gt;&lt;tr&gt;&lt;td colspan="3"&gt;&lt;a href="appium-screenshot-1.png"&gt;&lt;img src="appium-screenshot-1.png" width="800px"&gt;&lt;/a&gt;</msg>
<status status="PASS" starttime="20210328 22:46:47.015" endtime="20210328 22:46:48.129"></status>
</kw>
<kw name="Close Application" library="AppiumLibrary">
<doc>Closes the current application and also close webdriver session.</doc>
<status status="PASS" starttime="20210328 22:46:48.129" endtime="20210328 22:46:48.864"></status>
</kw>
<status status="PASS" starttime="20210328 22:46:47.014" endtime="20210328 22:46:48.865"></status>
</kw>
<status status="PASS" starttime="20210328 22:46:17.558" endtime="20210328 22:46:48.865" critical="yes"></status>
</test>
<status status="PASS" starttime="20210328 22:46:17.312" endtime="20210328 22:46:48.867"></status>
</suite>
<suite id="s1-s2" name="Clique" source="D:\Ines\Curso\Robot\mobile\tests\clique.robot">
<test id="s1-s2-t1" name="Deve realizar um clique simples">
<kw name="Iniciando Aplicativo" library="base" type="setup">
<kw name="Set Appium Timeout" library="AppiumLibrary">
<doc>Sets the timeout in seconds used by various keywords.</doc>
<arguments>
<arg>5</arg>
</arguments>
<status status="PASS" starttime="20210328 22:46:48.884" endtime="20210328 22:46:48.884"></status>
</kw>
<kw name="Open Application" library="AppiumLibrary">
<doc>Opens a new application to given Appium server.
Capabilities of appium server, Android and iOS,
Please check https://github.com/appium/appium/blob/master/docs/en/writing-running-appium/server-args.md
| *Option*            | *Man.* | *Description*     |
| remote_url          | Yes    | Appium server url |
| alias               | no     | alias             |</doc>
<arguments>
<arg>http://localhost:4723/wd/hub</arg>
<arg>automationName=UiAutomator2</arg>
<arg>platformName=Android</arg>
<arg>deviceName=Emulator</arg>
<arg>app=${EXECDIR}/app/twp.apk</arg>
</arguments>
<status status="PASS" starttime="20210328 22:46:48.884" endtime="20210328 22:47:08.285"></status>
</kw>
<status status="PASS" starttime="20210328 22:46:48.883" endtime="20210328 22:47:08.285"></status>
</kw>
<kw name="Acesso o Sistema" library="base">
<kw name="Wait Until Page Contains" library="AppiumLibrary">
<doc>Waits until `text` appears on current page.</doc>
<arguments>
<arg>${START}</arg>
</arguments>
<status status="PASS" starttime="20210328 22:47:08.286" endtime="20210328 22:47:12.516"></status>
</kw>
<kw name="Click Text" library="AppiumLibrary">
<doc>Click text identified by ``text``.</doc>
<arguments>
<arg>${START}</arg>
</arguments>
<status status="PASS" starttime="20210328 22:47:12.516" endtime="20210328 22:47:12.845"></status>
</kw>
<kw name="Wait Until Element Is Visible" library="AppiumLibrary">
<doc>Waits until element specified with `locator` is visible.</doc>
<arguments>
<arg>${TOOL_TITLE}</arg>
</arguments>
<status status="PASS" starttime="20210328 22:47:12.845" endtime="20210328 22:47:14.119"></status>
</kw>
<kw name="Element Text Should Be" library="AppiumLibrary">
<doc>Verifies element identified by ``locator`` exactly contains text ``expected``.</doc>
<arguments>
<arg>${TOOL_TITLE}</arg>
<arg>AVENGERS</arg>
</arguments>
<msg timestamp="20210328 22:47:14.121" level="INFO">Verifying element 'id=io.qaninja.android.twp:id/toolbarTitle' contains exactly text 'AVENGERS'.</msg>
<status status="PASS" starttime="20210328 22:47:14.120" endtime="20210328 22:47:14.214"></status>
</kw>
<status status="PASS" starttime="20210328 22:47:08.286" endtime="20210328 22:47:14.214"></status>
</kw>
<kw name="Clico no Menu Hamburguer" library="helpers">
<kw name="Click Element" library="AppiumLibrary">
<doc>Click element identified by `locator`.</doc>
<arguments>
<arg>${HAMBURGUER}</arg>
</arguments>
<msg timestamp="20210328 22:47:14.216" level="INFO">Clicking element 'xpath=//android.widget.ImageButton[@content-desc="Open navigation drawer"]'.</msg>
<status status="PASS" starttime="20210328 22:47:14.215" endtime="20210328 22:47:14.376"></status>
</kw>
<kw name="Wait Until Element Is Visible" library="AppiumLibrary">
<doc>Waits until element specified with `locator` is visible.</doc>
<arguments>
<arg>${MENU}</arg>
</arguments>
<status status="PASS" starttime="20210328 22:47:14.376" endtime="20210328 22:47:15.490"></status>
</kw>
<status status="PASS" starttime="20210328 22:47:14.214" endtime="20210328 22:47:15.492"></status>
</kw>
<kw name="Clico no Menu Botões" library="helpers">
<kw name="Click Text" library="AppiumLibrary">
<doc>Click text identified by ``text``.</doc>
<arguments>
<arg>BOTÕES</arg>
</arguments>
<status status="PASS" starttime="20210328 22:47:15.493" endtime="20210328 22:47:15.825"></status>
</kw>
<kw name="Wait Until Element Is Visible" library="AppiumLibrary">
<doc>Waits until element specified with `locator` is visible.</doc>
<arguments>
<arg>${TOOL_TITLE}</arg>
</arguments>
<status status="PASS" starttime="20210328 22:47:15.825" endtime="20210328 22:47:16.849"></status>
</kw>
<kw name="Element Text Should Be" library="AppiumLibrary">
<doc>Verifies element identified by ``locator`` exactly contains text ``expected``.</doc>
<arguments>
<arg>${TOOL_TITLE}</arg>
<arg>BOTÕES</arg>
</arguments>
<msg timestamp="20210328 22:47:16.850" level="INFO">Verifying element 'id=io.qaninja.android.twp:id/toolbarTitle' contains exactly text 'BOTÕES'.</msg>
<status status="PASS" starttime="20210328 22:47:16.849" endtime="20210328 22:47:16.917"></status>
</kw>
<status status="PASS" starttime="20210328 22:47:15.493" endtime="20210328 22:47:16.917"></status>
</kw>
<kw name="Clico na opção Clique Simples" library="helpers">
<kw name="Click Text" library="AppiumLibrary">
<doc>Click text identified by ``text``.</doc>
<arguments>
<arg>CLIQUE SIMPLES</arg>
</arguments>
<status status="PASS" starttime="20210328 22:47:16.918" endtime="20210328 22:47:17.082"></status>
</kw>
<kw name="Wait Until Page Contains" library="AppiumLibrary">
<doc>Waits until `text` appears on current page.</doc>
<arguments>
<arg>Botão clique simples</arg>
</arguments>
<status status="PASS" starttime="20210328 22:47:17.082" endtime="20210328 22:47:18.101"></status>
</kw>
<status status="PASS" starttime="20210328 22:47:16.917" endtime="20210328 22:47:18.101"></status>
</kw>
<kw name="Click Text" library="AppiumLibrary">
<doc>Click text identified by ``text``.</doc>
<arguments>
<arg>CLIQUE AQUI</arg>
</arguments>
<status status="PASS" starttime="20210328 22:47:18.101" endtime="20210328 22:47:18.211"></status>
</kw>
<kw name="Wait Until Page Contains" library="AppiumLibrary">
<doc>Waits until `text` appears on current page.</doc>
<arguments>
<arg>Isso é um clique simples</arg>
</arguments>
<status status="PASS" starttime="20210328 22:47:18.212" endtime="20210328 22:47:18.389"></status>
</kw>
<kw name="Finalizando Aplicativo" library="base" type="teardown">
<kw name="Capture Page Screenshot" library="AppiumLibrary">
<doc>Takes a screenshot of the current page and embeds it into the log.</doc>
<msg timestamp="20210328 22:47:19.421" level="INFO" html="yes">&lt;/td&gt;&lt;/tr&gt;&lt;tr&gt;&lt;td colspan="3"&gt;&lt;a href="appium-screenshot-2.png"&gt;&lt;img src="appium-screenshot-2.png" width="800px"&gt;&lt;/a&gt;</msg>
<status status="PASS" starttime="20210328 22:47:18.391" endtime="20210328 22:47:19.421"></status>
</kw>
<kw name="Close Application" library="AppiumLibrary">
<doc>Closes the current application and also close webdriver session.</doc>
<status status="PASS" starttime="20210328 22:47:19.421" endtime="20210328 22:47:20.581"></status>
</kw>
<status status="PASS" starttime="20210328 22:47:18.390" endtime="20210328 22:47:20.581"></status>
</kw>
<tags>
<tag>simples</tag>
</tags>
<status status="PASS" starttime="20210328 22:46:48.882" endtime="20210328 22:47:20.582" critical="yes"></status>
</test>
<test id="s1-s2-t2" name="Deve efetuar um clique longo">
<kw name="Iniciando Aplicativo" library="base" type="setup">
<kw name="Set Appium Timeout" library="AppiumLibrary">
<doc>Sets the timeout in seconds used by various keywords.</doc>
<arguments>
<arg>5</arg>
</arguments>
<status status="PASS" starttime="20210328 22:47:20.584" endtime="20210328 22:47:20.584"></status>
</kw>
<kw name="Open Application" library="AppiumLibrary">
<doc>Opens a new application to given Appium server.
Capabilities of appium server, Android and iOS,
Please check https://github.com/appium/appium/blob/master/docs/en/writing-running-appium/server-args.md
| *Option*            | *Man.* | *Description*     |
| remote_url          | Yes    | Appium server url |
| alias               | no     | alias             |</doc>
<arguments>
<arg>http://localhost:4723/wd/hub</arg>
<arg>automationName=UiAutomator2</arg>
<arg>platformName=Android</arg>
<arg>deviceName=Emulator</arg>
<arg>app=${EXECDIR}/app/twp.apk</arg>
</arguments>
<status status="PASS" starttime="20210328 22:47:20.584" endtime="20210328 22:47:39.760"></status>
</kw>
<status status="PASS" starttime="20210328 22:47:20.583" endtime="20210328 22:47:39.760"></status>
</kw>
<kw name="Acesso o Sistema" library="base">
<kw name="Wait Until Page Contains" library="AppiumLibrary">
<doc>Waits until `text` appears on current page.</doc>
<arguments>
<arg>${START}</arg>
</arguments>
<status status="PASS" starttime="20210328 22:47:39.761" endtime="20210328 22:47:44.185"></status>
</kw>
<kw name="Click Text" library="AppiumLibrary">
<doc>Click text identified by ``text``.</doc>
<arguments>
<arg>${START}</arg>
</arguments>
<status status="PASS" starttime="20210328 22:47:44.185" endtime="20210328 22:47:44.488"></status>
</kw>
<kw name="Wait Until Element Is Visible" library="AppiumLibrary">
<doc>Waits until element specified with `locator` is visible.</doc>
<arguments>
<arg>${TOOL_TITLE}</arg>
</arguments>
<status status="PASS" starttime="20210328 22:47:44.488" endtime="20210328 22:47:45.781"></status>
</kw>
<kw name="Element Text Should Be" library="AppiumLibrary">
<doc>Verifies element identified by ``locator`` exactly contains text ``expected``.</doc>
<arguments>
<arg>${TOOL_TITLE}</arg>
<arg>AVENGERS</arg>
</arguments>
<msg timestamp="20210328 22:47:45.783" level="INFO">Verifying element 'id=io.qaninja.android.twp:id/toolbarTitle' contains exactly text 'AVENGERS'.</msg>
<status status="PASS" starttime="20210328 22:47:45.781" endtime="20210328 22:47:45.890"></status>
</kw>
<status status="PASS" starttime="20210328 22:47:39.761" endtime="20210328 22:47:45.890"></status>
</kw>
<kw name="Clico no Menu Hamburguer" library="helpers">
<kw name="Click Element" library="AppiumLibrary">
<doc>Click element identified by `locator`.</doc>
<arguments>
<arg>${HAMBURGUER}</arg>
</arguments>
<msg timestamp="20210328 22:47:45.893" level="INFO">Clicking element 'xpath=//android.widget.ImageButton[@content-desc="Open navigation drawer"]'.</msg>
<status status="PASS" starttime="20210328 22:47:45.891" endtime="20210328 22:47:46.054"></status>
</kw>
<kw name="Wait Until Element Is Visible" library="AppiumLibrary">
<doc>Waits until element specified with `locator` is visible.</doc>
<arguments>
<arg>${MENU}</arg>
</arguments>
<status status="PASS" starttime="20210328 22:47:46.054" endtime="20210328 22:47:47.148"></status>
</kw>
<status status="PASS" starttime="20210328 22:47:45.891" endtime="20210328 22:47:47.148"></status>
</kw>
<kw name="Clico no Menu Botões" library="helpers">
<kw name="Click Text" library="AppiumLibrary">
<doc>Click text identified by ``text``.</doc>
<arguments>
<arg>BOTÕES</arg>
</arguments>
<status status="PASS" starttime="20210328 22:47:47.150" endtime="20210328 22:47:47.429"></status>
</kw>
<kw name="Wait Until Element Is Visible" library="AppiumLibrary">
<doc>Waits until element specified with `locator` is visible.</doc>
<arguments>
<arg>${TOOL_TITLE}</arg>
</arguments>
<status status="PASS" starttime="20210328 22:47:47.429" endtime="20210328 22:47:48.444"></status>
</kw>
<kw name="Element Text Should Be" library="AppiumLibrary">
<doc>Verifies element identified by ``locator`` exactly contains text ``expected``.</doc>
<arguments>
<arg>${TOOL_TITLE}</arg>
<arg>BOTÕES</arg>
</arguments>
<msg timestamp="20210328 22:47:48.446" level="INFO">Verifying element 'id=io.qaninja.android.twp:id/toolbarTitle' contains exactly text 'BOTÕES'.</msg>
<status status="PASS" starttime="20210328 22:47:48.444" endtime="20210328 22:47:48.532"></status>
</kw>
<status status="PASS" starttime="20210328 22:47:47.149" endtime="20210328 22:47:48.533"></status>
</kw>
<kw name="Clico na opção Clique Longo" library="helpers">
<kw name="Click Text" library="AppiumLibrary">
<doc>Click text identified by ``text``.</doc>
<arguments>
<arg>CLIQUE LONGO</arg>
</arguments>
<status status="PASS" starttime="20210328 22:47:48.534" endtime="20210328 22:47:48.685"></status>
</kw>
<kw name="Wait Until Page Contains" library="AppiumLibrary">
<doc>Waits until `text` appears on current page.</doc>
<arguments>
<arg>Botão clique longo</arg>
</arguments>
<status status="PASS" starttime="20210328 22:47:48.685" endtime="20210328 22:47:49.830"></status>
</kw>
<status status="PASS" starttime="20210328 22:47:48.533" endtime="20210328 22:47:49.831"></status>
</kw>
<kw name="Long Press" library="AppiumLibrary">
<doc>Long press the element with optional duration</doc>
<arguments>
<arg>id=io.qaninja.android.twp:id/long_click</arg>
</arguments>
<status status="PASS" starttime="20210328 22:47:49.831" endtime="20210328 22:47:52.505"></status>
</kw>
<kw name="Wait Until Page Contains" library="AppiumLibrary">
<doc>Waits until `text` appears on current page.</doc>
<arguments>
<arg>CLIQUE LONGO OK</arg>
</arguments>
<status status="PASS" starttime="20210328 22:47:52.506" endtime="20210328 22:47:52.660"></status>
</kw>
<kw name="Finalizando Aplicativo" library="base" type="teardown">
<kw name="Capture Page Screenshot" library="AppiumLibrary">
<doc>Takes a screenshot of the current page and embeds it into the log.</doc>
<msg timestamp="20210328 22:47:53.743" level="INFO" html="yes">&lt;/td&gt;&lt;/tr&gt;&lt;tr&gt;&lt;td colspan="3"&gt;&lt;a href="appium-screenshot-3.png"&gt;&lt;img src="appium-screenshot-3.png" width="800px"&gt;&lt;/a&gt;</msg>
<status status="PASS" starttime="20210328 22:47:52.662" endtime="20210328 22:47:53.743"></status>
</kw>
<kw name="Close Application" library="AppiumLibrary">
<doc>Closes the current application and also close webdriver session.</doc>
<status status="PASS" starttime="20210328 22:47:53.743" endtime="20210328 22:47:55.141"></status>
</kw>
<status status="PASS" starttime="20210328 22:47:52.661" endtime="20210328 22:47:55.141"></status>
</kw>
<tags>
<tag>longo</tag>
</tags>
<status status="PASS" starttime="20210328 22:47:20.583" endtime="20210328 22:47:55.142" critical="yes"></status>
</test>
<status status="PASS" starttime="20210328 22:46:48.870" endtime="20210328 22:47:55.144"></status>
</suite>
<suite id="s1-s3" name="Drag Drop" source="D:\Ines\Curso\Robot\mobile\tests\drag_drop.robot">
<test id="s1-s3-t1" name="Arrastando o Hulk Para o Topo da Lista">
<kw name="Iniciando Aplicativo" library="base" type="setup">
<kw name="Set Appium Timeout" library="AppiumLibrary">
<doc>Sets the timeout in seconds used by various keywords.</doc>
<arguments>
<arg>5</arg>
</arguments>
<status status="PASS" starttime="20210328 22:47:55.157" endtime="20210328 22:47:55.157"></status>
</kw>
<kw name="Open Application" library="AppiumLibrary">
<doc>Opens a new application to given Appium server.
Capabilities of appium server, Android and iOS,
Please check https://github.com/appium/appium/blob/master/docs/en/writing-running-appium/server-args.md
| *Option*            | *Man.* | *Description*     |
| remote_url          | Yes    | Appium server url |
| alias               | no     | alias             |</doc>
<arguments>
<arg>http://localhost:4723/wd/hub</arg>
<arg>automationName=UiAutomator2</arg>
<arg>platformName=Android</arg>
<arg>deviceName=Emulator</arg>
<arg>app=${EXECDIR}/app/twp.apk</arg>
</arguments>
<status status="PASS" starttime="20210328 22:47:55.158" endtime="20210328 22:48:12.944"></status>
</kw>
<status status="PASS" starttime="20210328 22:47:55.157" endtime="20210328 22:48:12.944"></status>
</kw>
<kw name="Acesso o Sistema" library="base">
<kw name="Wait Until Page Contains" library="AppiumLibrary">
<doc>Waits until `text` appears on current page.</doc>
<arguments>
<arg>${START}</arg>
</arguments>
<status status="PASS" starttime="20210328 22:48:12.945" endtime="20210328 22:48:17.370"></status>
</kw>
<kw name="Click Text" library="AppiumLibrary">
<doc>Click text identified by ``text``.</doc>
<arguments>
<arg>${START}</arg>
</arguments>
<status status="PASS" starttime="20210328 22:48:17.370" endtime="20210328 22:48:17.660"></status>
</kw>
<kw name="Wait Until Element Is Visible" library="AppiumLibrary">
<doc>Waits until element specified with `locator` is visible.</doc>
<arguments>
<arg>${TOOL_TITLE}</arg>
</arguments>
<status status="PASS" starttime="20210328 22:48:17.660" endtime="20210328 22:48:18.926"></status>
</kw>
<kw name="Element Text Should Be" library="AppiumLibrary">
<doc>Verifies element identified by ``locator`` exactly contains text ``expected``.</doc>
<arguments>
<arg>${TOOL_TITLE}</arg>
<arg>AVENGERS</arg>
</arguments>
<msg timestamp="20210328 22:48:18.927" level="INFO">Verifying element 'id=io.qaninja.android.twp:id/toolbarTitle' contains exactly text 'AVENGERS'.</msg>
<status status="PASS" starttime="20210328 22:48:18.926" endtime="20210328 22:48:19.014"></status>
</kw>
<status status="PASS" starttime="20210328 22:48:12.944" endtime="20210328 22:48:19.014"></status>
</kw>
<kw name="Clico no Menu Hamburguer" library="helpers">
<kw name="Click Element" library="AppiumLibrary">
<doc>Click element identified by `locator`.</doc>
<arguments>
<arg>${HAMBURGUER}</arg>
</arguments>
<msg timestamp="20210328 22:48:19.016" level="INFO">Clicking element 'xpath=//android.widget.ImageButton[@content-desc="Open navigation drawer"]'.</msg>
<status status="PASS" starttime="20210328 22:48:19.015" endtime="20210328 22:48:19.202"></status>
</kw>
<kw name="Wait Until Element Is Visible" library="AppiumLibrary">
<doc>Waits until element specified with `locator` is visible.</doc>
<arguments>
<arg>${MENU}</arg>
</arguments>
<status status="PASS" starttime="20210328 22:48:19.203" endtime="20210328 22:48:20.313"></status>
</kw>
<status status="PASS" starttime="20210328 22:48:19.015" endtime="20210328 22:48:20.314"></status>
</kw>
<kw name="Clico no Menu Avengers" library="helpers">
<kw name="Click Text" library="AppiumLibrary">
<doc>Click text identified by ``text``.</doc>
<arguments>
<arg>AVENGERS</arg>
</arguments>
<status status="PASS" starttime="20210328 22:48:20.315" endtime="20210328 22:48:20.566"></status>
</kw>
<kw name="Wait Until Element Is Visible" library="AppiumLibrary">
<doc>Waits until element specified with `locator` is visible.</doc>
<arguments>
<arg>${TOOL_TITLE}</arg>
</arguments>
<status status="PASS" starttime="20210328 22:48:20.566" endtime="20210328 22:48:21.591"></status>
</kw>
<kw name="Element Text Should Be" library="AppiumLibrary">
<doc>Verifies element identified by ``locator`` exactly contains text ``expected``.</doc>
<arguments>
<arg>${TOOL_TITLE}</arg>
<arg>AVENGERS</arg>
</arguments>
<msg timestamp="20210328 22:48:21.592" level="INFO">Verifying element 'id=io.qaninja.android.twp:id/toolbarTitle' contains exactly text 'AVENGERS'.</msg>
<status status="PASS" starttime="20210328 22:48:21.591" endtime="20210328 22:48:21.697"></status>
</kw>
<status status="PASS" starttime="20210328 22:48:20.315" endtime="20210328 22:48:21.698"></status>
</kw>
<kw name="Clico na Lista de Avengers" library="helpers">
<kw name="Click Text" library="AppiumLibrary">
<doc>Click text identified by ``text``.</doc>
<arguments>
<arg>LISTA</arg>
</arguments>
<status status="PASS" starttime="20210328 22:48:21.699" endtime="20210328 22:48:21.842"></status>
</kw>
<kw name="Wait Until Page Contains" library="AppiumLibrary">
<doc>Waits until `text` appears on current page.</doc>
<arguments>
<arg>LISTA</arg>
</arguments>
<status status="PASS" starttime="20210328 22:48:21.842" endtime="20210328 22:48:22.084"></status>
</kw>
<status status="PASS" starttime="20210328 22:48:21.698" endtime="20210328 22:48:22.084"></status>
</kw>
<kw name="Drag and Drop" library="extends">
<arguments>
<arg>io.qaninja.android.twp:id/drag_handle</arg>
<arg>3</arg>
<arg>0</arg>
</arguments>
<status status="PASS" starttime="20210328 22:48:22.085" endtime="20210328 22:48:34.533"></status>
</kw>
<kw name="Sleep" library="BuiltIn">
<doc>Pauses the test executed for the given time.</doc>
<arguments>
<arg>5</arg>
</arguments>
<msg timestamp="20210328 22:48:39.544" level="INFO">Slept 5 seconds</msg>
<status status="PASS" starttime="20210328 22:48:34.534" endtime="20210328 22:48:39.544"></status>
</kw>
<kw name="Finalizando Aplicativo" library="base" type="teardown">
<kw name="Capture Page Screenshot" library="AppiumLibrary">
<doc>Takes a screenshot of the current page and embeds it into the log.</doc>
<msg timestamp="20210328 22:48:40.979" level="INFO" html="yes">&lt;/td&gt;&lt;/tr&gt;&lt;tr&gt;&lt;td colspan="3"&gt;&lt;a href="appium-screenshot-4.png"&gt;&lt;img src="appium-screenshot-4.png" width="800px"&gt;&lt;/a&gt;</msg>
<status status="PASS" starttime="20210328 22:48:39.545" endtime="20210328 22:48:40.980"></status>
</kw>
<kw name="Close Application" library="AppiumLibrary">
<doc>Closes the current application and also close webdriver session.</doc>
<status status="PASS" starttime="20210328 22:48:40.980" endtime="20210328 22:48:41.802"></status>
</kw>
<status status="PASS" starttime="20210328 22:48:39.545" endtime="20210328 22:48:41.803"></status>
</kw>
<status status="PASS" starttime="20210328 22:47:55.155" endtime="20210328 22:48:41.803" critical="yes"></status>
</test>
<status status="PASS" starttime="20210328 22:47:55.146" endtime="20210328 22:48:41.806"></status>
</suite>
<suite id="s1-s4" name="Home" source="D:\Ines\Curso\Robot\mobile\tests\home.robot">
<test id="s1-s4-t1" name="Deve abrir a tela principal">
<kw name="Set Appium Timeout" library="AppiumLibrary">
<doc>Sets the timeout in seconds used by various keywords.</doc>
<arguments>
<arg>5</arg>
</arguments>
<status status="PASS" starttime="20210328 22:48:41.820" endtime="20210328 22:48:41.821"></status>
</kw>
<kw name="Open Application" library="AppiumLibrary">
<doc>Opens a new application to given Appium server.
Capabilities of appium server, Android and iOS,
Please check https://github.com/appium/appium/blob/master/docs/en/writing-running-appium/server-args.md
| *Option*            | *Man.* | *Description*     |
| remote_url          | Yes    | Appium server url |
| alias               | no     | alias             |</doc>
<arguments>
<arg>http://localhost:4723/wd/hub</arg>
<arg>automationName=UiAutomator2</arg>
<arg>platformName=Android</arg>
<arg>deviceName=Emulator</arg>
<arg>app=${EXECDIR}/app/twp.apk</arg>
</arguments>
<status status="PASS" starttime="20210328 22:48:41.822" endtime="20210328 22:48:59.418"></status>
</kw>
<kw name="Wait Until Page Contains" library="AppiumLibrary">
<doc>Waits until `text` appears on current page.</doc>
<arguments>
<arg>Training Wheels Protocol</arg>
</arguments>
<status status="PASS" starttime="20210328 22:48:59.419" endtime="20210328 22:49:03.856"></status>
</kw>
<kw name="Wait Until Page Contains" library="AppiumLibrary">
<doc>Waits until `text` appears on current page.</doc>
<arguments>
<arg>Mobile Version</arg>
</arguments>
<status status="PASS" starttime="20210328 22:49:03.856" endtime="20210328 22:49:04.022"></status>
</kw>
<kw name="Close Application" library="AppiumLibrary">
<doc>Closes the current application and also close webdriver session.</doc>
<status status="PASS" starttime="20210328 22:49:04.022" endtime="20210328 22:49:04.734"></status>
</kw>
<status status="PASS" starttime="20210328 22:48:41.819" endtime="20210328 22:49:04.735" critical="yes"></status>
</test>
<status status="PASS" starttime="20210328 22:48:41.810" endtime="20210328 22:49:04.737"></status>
</suite>
<suite id="s1-s5" name="Login" source="D:\Ines\Curso\Robot\mobile\tests\login.robot">
<test id="s1-s5-t1" name="Validar Login com Sucesso">
<kw name="Iniciando Aplicativo" library="base" type="setup">
<kw name="Set Appium Timeout" library="AppiumLibrary">
<doc>Sets the timeout in seconds used by various keywords.</doc>
<arguments>
<arg>5</arg>
</arguments>
<status status="PASS" starttime="20210328 22:49:04.749" endtime="20210328 22:49:04.750"></status>
</kw>
<kw name="Open Application" library="AppiumLibrary">
<doc>Opens a new application to given Appium server.
Capabilities of appium server, Android and iOS,
Please check https://github.com/appium/appium/blob/master/docs/en/writing-running-appium/server-args.md
| *Option*            | *Man.* | *Description*     |
| remote_url          | Yes    | Appium server url |
| alias               | no     | alias             |</doc>
<arguments>
<arg>http://localhost:4723/wd/hub</arg>
<arg>automationName=UiAutomator2</arg>
<arg>platformName=Android</arg>
<arg>deviceName=Emulator</arg>
<arg>app=${EXECDIR}/app/twp.apk</arg>
</arguments>
<status status="PASS" starttime="20210328 22:49:04.750" endtime="20210328 22:49:23.223"></status>
</kw>
<status status="PASS" starttime="20210328 22:49:04.749" endtime="20210328 22:49:23.223"></status>
</kw>
<kw name="Acesso o Sistema" library="base">
<kw name="Wait Until Page Contains" library="AppiumLibrary">
<doc>Waits until `text` appears on current page.</doc>
<arguments>
<arg>${START}</arg>
</arguments>
<status status="PASS" starttime="20210328 22:49:23.224" endtime="20210328 22:49:27.731"></status>
</kw>
<kw name="Click Text" library="AppiumLibrary">
<doc>Click text identified by ``text``.</doc>
<arguments>
<arg>${START}</arg>
</arguments>
<status status="PASS" starttime="20210328 22:49:27.731" endtime="20210328 22:49:28.051"></status>
</kw>
<kw name="Wait Until Element Is Visible" library="AppiumLibrary">
<doc>Waits until element specified with `locator` is visible.</doc>
<arguments>
<arg>${TOOL_TITLE}</arg>
</arguments>
<status status="PASS" starttime="20210328 22:49:28.051" endtime="20210328 22:49:29.433"></status>
</kw>
<kw name="Element Text Should Be" library="AppiumLibrary">
<doc>Verifies element identified by ``locator`` exactly contains text ``expected``.</doc>
<arguments>
<arg>${TOOL_TITLE}</arg>
<arg>AVENGERS</arg>
</arguments>
<msg timestamp="20210328 22:49:29.435" level="INFO">Verifying element 'id=io.qaninja.android.twp:id/toolbarTitle' contains exactly text 'AVENGERS'.</msg>
<status status="PASS" starttime="20210328 22:49:29.433" endtime="20210328 22:49:29.526"></status>
</kw>
<status status="PASS" starttime="20210328 22:49:23.224" endtime="20210328 22:49:29.527"></status>
</kw>
<kw name="Clico no Menu Hamburguer" library="helpers">
<kw name="Click Element" library="AppiumLibrary">
<doc>Click element identified by `locator`.</doc>
<arguments>
<arg>${HAMBURGUER}</arg>
</arguments>
<msg timestamp="20210328 22:49:29.529" level="INFO">Clicking element 'xpath=//android.widget.ImageButton[@content-desc="Open navigation drawer"]'.</msg>
<status status="PASS" starttime="20210328 22:49:29.527" endtime="20210328 22:49:29.681"></status>
</kw>
<kw name="Wait Until Element Is Visible" library="AppiumLibrary">
<doc>Waits until element specified with `locator` is visible.</doc>
<arguments>
<arg>${MENU}</arg>
</arguments>
<status status="PASS" starttime="20210328 22:49:29.682" endtime="20210328 22:49:30.801"></status>
</kw>
<status status="PASS" starttime="20210328 22:49:29.527" endtime="20210328 22:49:30.802"></status>
</kw>
<kw name="Clico no Menu Forms" library="helpers">
<kw name="Click Text" library="AppiumLibrary">
<doc>Click text identified by ``text``.</doc>
<arguments>
<arg>FORMS</arg>
</arguments>
<status status="PASS" starttime="20210328 22:49:30.803" endtime="20210328 22:49:31.068"></status>
</kw>
<kw name="Wait Until Element Is Visible" library="AppiumLibrary">
<doc>Waits until element specified with `locator` is visible.</doc>
<arguments>
<arg>${TOOL_TITLE}</arg>
</arguments>
<status status="PASS" starttime="20210328 22:49:31.069" endtime="20210328 22:49:32.125"></status>
</kw>
<kw name="Element Text Should Be" library="AppiumLibrary">
<doc>Verifies element identified by ``locator`` exactly contains text ``expected``.</doc>
<arguments>
<arg>${TOOL_TITLE}</arg>
<arg>FORMS</arg>
</arguments>
<msg timestamp="20210328 22:49:32.129" level="INFO">Verifying element 'id=io.qaninja.android.twp:id/toolbarTitle' contains exactly text 'FORMS'.</msg>
<status status="PASS" starttime="20210328 22:49:32.125" endtime="20210328 22:49:32.229"></status>
</kw>
<status status="PASS" starttime="20210328 22:49:30.802" endtime="20210328 22:49:32.229"></status>
</kw>
<kw name="Clico na opção Login" library="helpers">
<kw name="Click Text" library="AppiumLibrary">
<doc>Click text identified by ``text``.</doc>
<arguments>
<arg>LOGIN</arg>
</arguments>
<status status="PASS" starttime="20210328 22:49:32.230" endtime="20210328 22:49:32.383"></status>
</kw>
<kw name="Wait Until Page Contains" library="AppiumLibrary">
<doc>Waits until `text` appears on current page.</doc>
<arguments>
<arg>Fala QA, vamos testar o login?</arg>
</arguments>
<status status="PASS" starttime="20210328 22:49:32.383" endtime="20210328 22:49:33.338"></status>
</kw>
<status status="PASS" starttime="20210328 22:49:32.230" endtime="20210328 22:49:33.339"></status>
</kw>
<kw name="Input Text" library="AppiumLibrary">
<doc>Types the given `text` into text field identified by `locator`.</doc>
<arguments>
<arg>${USUARIO}</arg>
<arg>eu@papito.io</arg>
</arguments>
<msg timestamp="20210328 22:49:33.341" level="INFO">Typing text 'eu@papito.io' into text field 'id=io.qaninja.android.twp:id/etEmail'</msg>
<status status="PASS" starttime="20210328 22:49:33.339" endtime="20210328 22:49:34.305"></status>
</kw>
<kw name="Input Text" library="AppiumLibrary">
<doc>Types the given `text` into text field identified by `locator`.</doc>
<arguments>
<arg>${SENHA}</arg>
<arg>qaninja</arg>
</arguments>
<msg timestamp="20210328 22:49:34.307" level="INFO">Typing text 'qaninja' into text field 'id=io.qaninja.android.twp:id/etPassword'</msg>
<status status="PASS" starttime="20210328 22:49:34.306" endtime="20210328 22:49:35.404"></status>
</kw>
<kw name="Click Element" library="AppiumLibrary">
<doc>Click element identified by `locator`.</doc>
<arguments>
<arg>${BTN_ENTRAR}</arg>
</arguments>
<msg timestamp="20210328 22:49:35.408" level="INFO">Clicking element 'id=io.qaninja.android.twp:id/btnSubmit'.</msg>
<status status="PASS" starttime="20210328 22:49:35.405" endtime="20210328 22:49:35.994"></status>
</kw>
<kw name="Wait Until Page Contains" library="AppiumLibrary">
<doc>Waits until `text` appears on current page.</doc>
<arguments>
<arg>Show! Suas credenciais são validas.</arg>
</arguments>
<status status="PASS" starttime="20210328 22:49:35.995" endtime="20210328 22:49:36.485"></status>
</kw>
<kw name="Finalizando Aplicativo" library="base" type="teardown">
<kw name="Capture Page Screenshot" library="AppiumLibrary">
<doc>Takes a screenshot of the current page and embeds it into the log.</doc>
<msg timestamp="20210328 22:49:39.602" level="INFO" html="yes">&lt;/td&gt;&lt;/tr&gt;&lt;tr&gt;&lt;td colspan="3"&gt;&lt;a href="appium-screenshot-5.png"&gt;&lt;img src="appium-screenshot-5.png" width="800px"&gt;&lt;/a&gt;</msg>
<status status="PASS" starttime="20210328 22:49:36.487" endtime="20210328 22:49:39.602"></status>
</kw>
<kw name="Close Application" library="AppiumLibrary">
<doc>Closes the current application and also close webdriver session.</doc>
<status status="PASS" starttime="20210328 22:49:39.602" endtime="20210328 22:49:40.324"></status>
</kw>
<status status="PASS" starttime="20210328 22:49:36.486" endtime="20210328 22:49:40.325"></status>
</kw>
<status status="PASS" starttime="20210328 22:49:04.748" endtime="20210328 22:49:40.325" critical="yes"></status>
</test>
<status status="PASS" starttime="20210328 22:49:04.740" endtime="20210328 22:49:40.327"></status>
</suite>
<suite id="s1-s6" name="Menu" source="D:\Ines\Curso\Robot\mobile\tests\menu.robot">
<test id="s1-s6-t1" name="Deve acessar o Menu Dialogs">
<kw name="Iniciando Aplicativo" library="base" type="setup">
<kw name="Set Appium Timeout" library="AppiumLibrary">
<doc>Sets the timeout in seconds used by various keywords.</doc>
<arguments>
<arg>5</arg>
</arguments>
<status status="PASS" starttime="20210328 22:49:40.343" endtime="20210328 22:49:40.343"></status>
</kw>
<kw name="Open Application" library="AppiumLibrary">
<doc>Opens a new application to given Appium server.
Capabilities of appium server, Android and iOS,
Please check https://github.com/appium/appium/blob/master/docs/en/writing-running-appium/server-args.md
| *Option*            | *Man.* | *Description*     |
| remote_url          | Yes    | Appium server url |
| alias               | no     | alias             |</doc>
<arguments>
<arg>http://localhost:4723/wd/hub</arg>
<arg>automationName=UiAutomator2</arg>
<arg>platformName=Android</arg>
<arg>deviceName=Emulator</arg>
<arg>app=${EXECDIR}/app/twp.apk</arg>
</arguments>
<status status="PASS" starttime="20210328 22:49:40.343" endtime="20210328 22:49:59.049"></status>
</kw>
<status status="PASS" starttime="20210328 22:49:40.342" endtime="20210328 22:49:59.050"></status>
</kw>
<kw name="Acesso o Sistema" library="base">
<kw name="Wait Until Page Contains" library="AppiumLibrary">
<doc>Waits until `text` appears on current page.</doc>
<arguments>
<arg>${START}</arg>
</arguments>
<status status="PASS" starttime="20210328 22:49:59.051" endtime="20210328 22:50:03.398"></status>
</kw>
<kw name="Click Text" library="AppiumLibrary">
<doc>Click text identified by ``text``.</doc>
<arguments>
<arg>${START}</arg>
</arguments>
<status status="PASS" starttime="20210328 22:50:03.398" endtime="20210328 22:50:03.739"></status>
</kw>
<kw name="Wait Until Element Is Visible" library="AppiumLibrary">
<doc>Waits until element specified with `locator` is visible.</doc>
<arguments>
<arg>${TOOL_TITLE}</arg>
</arguments>
<status status="PASS" starttime="20210328 22:50:03.739" endtime="20210328 22:50:05.015"></status>
</kw>
<kw name="Element Text Should Be" library="AppiumLibrary">
<doc>Verifies element identified by ``locator`` exactly contains text ``expected``.</doc>
<arguments>
<arg>${TOOL_TITLE}</arg>
<arg>AVENGERS</arg>
</arguments>
<msg timestamp="20210328 22:50:05.017" level="INFO">Verifying element 'id=io.qaninja.android.twp:id/toolbarTitle' contains exactly text 'AVENGERS'.</msg>
<status status="PASS" starttime="20210328 22:50:05.016" endtime="20210328 22:50:05.128"></status>
</kw>
<status status="PASS" starttime="20210328 22:49:59.050" endtime="20210328 22:50:05.128"></status>
</kw>
<kw name="Clico no Menu Hamburguer" library="helpers">
<kw name="Click Element" library="AppiumLibrary">
<doc>Click element identified by `locator`.</doc>
<arguments>
<arg>${HAMBURGUER}</arg>
</arguments>
<msg timestamp="20210328 22:50:05.130" level="INFO">Clicking element 'xpath=//android.widget.ImageButton[@content-desc="Open navigation drawer"]'.</msg>
<status status="PASS" starttime="20210328 22:50:05.129" endtime="20210328 22:50:05.288"></status>
</kw>
<kw name="Wait Until Element Is Visible" library="AppiumLibrary">
<doc>Waits until element specified with `locator` is visible.</doc>
<arguments>
<arg>${MENU}</arg>
</arguments>
<status status="PASS" starttime="20210328 22:50:05.288" endtime="20210328 22:50:06.546"></status>
</kw>
<status status="PASS" starttime="20210328 22:50:05.128" endtime="20210328 22:50:06.546"></status>
</kw>
<kw name="Clico no Menu Dialogs" library="helpers">
<kw name="Click Text" library="AppiumLibrary">
<doc>Click text identified by ``text``.</doc>
<arguments>
<arg>DIALOGS</arg>
</arguments>
<status status="PASS" starttime="20210328 22:50:06.547" endtime="20210328 22:50:06.800"></status>
</kw>
<kw name="Wait Until Element Is Visible" library="AppiumLibrary">
<doc>Waits until element specified with `locator` is visible.</doc>
<arguments>
<arg>${TOOL_TITLE}</arg>
</arguments>
<status status="PASS" starttime="20210328 22:50:06.800" endtime="20210328 22:50:07.805"></status>
</kw>
<kw name="Element Text Should Be" library="AppiumLibrary">
<doc>Verifies element identified by ``locator`` exactly contains text ``expected``.</doc>
<arguments>
<arg>${TOOL_TITLE}</arg>
<arg>DIALOGS</arg>
</arguments>
<msg timestamp="20210328 22:50:07.807" level="INFO">Verifying element 'id=io.qaninja.android.twp:id/toolbarTitle' contains exactly text 'DIALOGS'.</msg>
<status status="PASS" starttime="20210328 22:50:07.805" endtime="20210328 22:50:07.875"></status>
</kw>
<status status="PASS" starttime="20210328 22:50:06.547" endtime="20210328 22:50:07.875"></status>
</kw>
<kw name="Finalizando Aplicativo" library="base" type="teardown">
<kw name="Capture Page Screenshot" library="AppiumLibrary">
<doc>Takes a screenshot of the current page and embeds it into the log.</doc>
<msg timestamp="20210328 22:50:09.453" level="INFO" html="yes">&lt;/td&gt;&lt;/tr&gt;&lt;tr&gt;&lt;td colspan="3"&gt;&lt;a href="appium-screenshot-6.png"&gt;&lt;img src="appium-screenshot-6.png" width="800px"&gt;&lt;/a&gt;</msg>
<status status="PASS" starttime="20210328 22:50:07.876" endtime="20210328 22:50:09.453"></status>
</kw>
<kw name="Close Application" library="AppiumLibrary">
<doc>Closes the current application and also close webdriver session.</doc>
<status status="PASS" starttime="20210328 22:50:09.453" endtime="20210328 22:50:10.172"></status>
</kw>
<status status="PASS" starttime="20210328 22:50:07.875" endtime="20210328 22:50:10.172"></status>
</kw>
<status status="PASS" starttime="20210328 22:49:40.340" endtime="20210328 22:50:10.173" critical="yes"></status>
</test>
<test id="s1-s6-t2" name="Deve acessar o Menu Forms">
<kw name="Iniciando Aplicativo" library="base" type="setup">
<kw name="Set Appium Timeout" library="AppiumLibrary">
<doc>Sets the timeout in seconds used by various keywords.</doc>
<arguments>
<arg>5</arg>
</arguments>
<status status="PASS" starttime="20210328 22:50:10.176" endtime="20210328 22:50:10.176"></status>
</kw>
<kw name="Open Application" library="AppiumLibrary">
<doc>Opens a new application to given Appium server.
Capabilities of appium server, Android and iOS,
Please check https://github.com/appium/appium/blob/master/docs/en/writing-running-appium/server-args.md
| *Option*            | *Man.* | *Description*     |
| remote_url          | Yes    | Appium server url |
| alias               | no     | alias             |</doc>
<arguments>
<arg>http://localhost:4723/wd/hub</arg>
<arg>automationName=UiAutomator2</arg>
<arg>platformName=Android</arg>
<arg>deviceName=Emulator</arg>
<arg>app=${EXECDIR}/app/twp.apk</arg>
</arguments>
<status status="PASS" starttime="20210328 22:50:10.176" endtime="20210328 22:50:29.890"></status>
</kw>
<status status="PASS" starttime="20210328 22:50:10.176" endtime="20210328 22:50:29.890"></status>
</kw>
<kw name="Acesso o Sistema" library="base">
<kw name="Wait Until Page Contains" library="AppiumLibrary">
<doc>Waits until `text` appears on current page.</doc>
<arguments>
<arg>${START}</arg>
</arguments>
<status status="PASS" starttime="20210328 22:50:29.892" endtime="20210328 22:50:33.978"></status>
</kw>
<kw name="Click Text" library="AppiumLibrary">
<doc>Click text identified by ``text``.</doc>
<arguments>
<arg>${START}</arg>
</arguments>
<status status="PASS" starttime="20210328 22:50:33.978" endtime="20210328 22:50:34.290"></status>
</kw>
<kw name="Wait Until Element Is Visible" library="AppiumLibrary">
<doc>Waits until element specified with `locator` is visible.</doc>
<arguments>
<arg>${TOOL_TITLE}</arg>
</arguments>
<status status="PASS" starttime="20210328 22:50:34.290" endtime="20210328 22:50:35.616"></status>
</kw>
<kw name="Element Text Should Be" library="AppiumLibrary">
<doc>Verifies element identified by ``locator`` exactly contains text ``expected``.</doc>
<arguments>
<arg>${TOOL_TITLE}</arg>
<arg>AVENGERS</arg>
</arguments>
<msg timestamp="20210328 22:50:35.617" level="INFO">Verifying element 'id=io.qaninja.android.twp:id/toolbarTitle' contains exactly text 'AVENGERS'.</msg>
<status status="PASS" starttime="20210328 22:50:35.616" endtime="20210328 22:50:35.734"></status>
</kw>
<status status="PASS" starttime="20210328 22:50:29.891" endtime="20210328 22:50:35.734"></status>
</kw>
<kw name="Clico no Menu Hamburguer" library="helpers">
<kw name="Click Element" library="AppiumLibrary">
<doc>Click element identified by `locator`.</doc>
<arguments>
<arg>${HAMBURGUER}</arg>
</arguments>
<msg timestamp="20210328 22:50:35.737" level="INFO">Clicking element 'xpath=//android.widget.ImageButton[@content-desc="Open navigation drawer"]'.</msg>
<status status="PASS" starttime="20210328 22:50:35.736" endtime="20210328 22:50:35.922"></status>
</kw>
<kw name="Wait Until Element Is Visible" library="AppiumLibrary">
<doc>Waits until element specified with `locator` is visible.</doc>
<arguments>
<arg>${MENU}</arg>
</arguments>
<status status="PASS" starttime="20210328 22:50:35.922" endtime="20210328 22:50:37.044"></status>
</kw>
<status status="PASS" starttime="20210328 22:50:35.735" endtime="20210328 22:50:37.044"></status>
</kw>
<kw name="Clico no Menu Forms" library="helpers">
<kw name="Click Text" library="AppiumLibrary">
<doc>Click text identified by ``text``.</doc>
<arguments>
<arg>FORMS</arg>
</arguments>
<status status="PASS" starttime="20210328 22:50:37.045" endtime="20210328 22:50:37.292"></status>
</kw>
<kw name="Wait Until Element Is Visible" library="AppiumLibrary">
<doc>Waits until element specified with `locator` is visible.</doc>
<arguments>
<arg>${TOOL_TITLE}</arg>
</arguments>
<status status="PASS" starttime="20210328 22:50:37.293" endtime="20210328 22:50:38.323"></status>
</kw>
<kw name="Element Text Should Be" library="AppiumLibrary">
<doc>Verifies element identified by ``locator`` exactly contains text ``expected``.</doc>
<arguments>
<arg>${TOOL_TITLE}</arg>
<arg>FORMS</arg>
</arguments>
<msg timestamp="20210328 22:50:38.325" level="INFO">Verifying element 'id=io.qaninja.android.twp:id/toolbarTitle' contains exactly text 'FORMS'.</msg>
<status status="PASS" starttime="20210328 22:50:38.323" endtime="20210328 22:50:38.389"></status>
</kw>
<status status="PASS" starttime="20210328 22:50:37.045" endtime="20210328 22:50:38.389"></status>
</kw>
<kw name="Finalizando Aplicativo" library="base" type="teardown">
<kw name="Capture Page Screenshot" library="AppiumLibrary">
<doc>Takes a screenshot of the current page and embeds it into the log.</doc>
<msg timestamp="20210328 22:50:40.659" level="INFO" html="yes">&lt;/td&gt;&lt;/tr&gt;&lt;tr&gt;&lt;td colspan="3"&gt;&lt;a href="appium-screenshot-7.png"&gt;&lt;img src="appium-screenshot-7.png" width="800px"&gt;&lt;/a&gt;</msg>
<status status="PASS" starttime="20210328 22:50:38.390" endtime="20210328 22:50:40.659"></status>
</kw>
<kw name="Close Application" library="AppiumLibrary">
<doc>Closes the current application and also close webdriver session.</doc>
<status status="PASS" starttime="20210328 22:50:40.659" endtime="20210328 22:50:41.783"></status>
</kw>
<status status="PASS" starttime="20210328 22:50:38.390" endtime="20210328 22:50:41.783"></status>
</kw>
<status status="PASS" starttime="20210328 22:50:10.175" endtime="20210328 22:50:41.784" critical="yes"></status>
</test>
<test id="s1-s6-t3" name="Deve acessar o Menu Avengers">
<kw name="Iniciando Aplicativo" library="base" type="setup">
<kw name="Set Appium Timeout" library="AppiumLibrary">
<doc>Sets the timeout in seconds used by various keywords.</doc>
<arguments>
<arg>5</arg>
</arguments>
<status status="PASS" starttime="20210328 22:50:41.787" endtime="20210328 22:50:41.787"></status>
</kw>
<kw name="Open Application" library="AppiumLibrary">
<doc>Opens a new application to given Appium server.
Capabilities of appium server, Android and iOS,
Please check https://github.com/appium/appium/blob/master/docs/en/writing-running-appium/server-args.md
| *Option*            | *Man.* | *Description*     |
| remote_url          | Yes    | Appium server url |
| alias               | no     | alias             |</doc>
<arguments>
<arg>http://localhost:4723/wd/hub</arg>
<arg>automationName=UiAutomator2</arg>
<arg>platformName=Android</arg>
<arg>deviceName=Emulator</arg>
<arg>app=${EXECDIR}/app/twp.apk</arg>
</arguments>
<status status="PASS" starttime="20210328 22:50:41.787" endtime="20210328 22:51:01.407"></status>
</kw>
<status status="PASS" starttime="20210328 22:50:41.786" endtime="20210328 22:51:01.407"></status>
</kw>
<kw name="Acesso o Sistema" library="base">
<kw name="Wait Until Page Contains" library="AppiumLibrary">
<doc>Waits until `text` appears on current page.</doc>
<arguments>
<arg>${START}</arg>
</arguments>
<status status="PASS" starttime="20210328 22:51:01.408" endtime="20210328 22:51:05.469"></status>
</kw>
<kw name="Click Text" library="AppiumLibrary">
<doc>Click text identified by ``text``.</doc>
<arguments>
<arg>${START}</arg>
</arguments>
<status status="PASS" starttime="20210328 22:51:05.469" endtime="20210328 22:51:05.780"></status>
</kw>
<kw name="Wait Until Element Is Visible" library="AppiumLibrary">
<doc>Waits until element specified with `locator` is visible.</doc>
<arguments>
<arg>${TOOL_TITLE}</arg>
</arguments>
<status status="PASS" starttime="20210328 22:51:05.780" endtime="20210328 22:51:07.088"></status>
</kw>
<kw name="Element Text Should Be" library="AppiumLibrary">
<doc>Verifies element identified by ``locator`` exactly contains text ``expected``.</doc>
<arguments>
<arg>${TOOL_TITLE}</arg>
<arg>AVENGERS</arg>
</arguments>
<msg timestamp="20210328 22:51:07.090" level="INFO">Verifying element 'id=io.qaninja.android.twp:id/toolbarTitle' contains exactly text 'AVENGERS'.</msg>
<status status="PASS" starttime="20210328 22:51:07.088" endtime="20210328 22:51:07.195"></status>
</kw>
<status status="PASS" starttime="20210328 22:51:01.407" endtime="20210328 22:51:07.195"></status>
</kw>
<kw name="Clico no Menu Hamburguer" library="helpers">
<kw name="Click Element" library="AppiumLibrary">
<doc>Click element identified by `locator`.</doc>
<arguments>
<arg>${HAMBURGUER}</arg>
</arguments>
<msg timestamp="20210328 22:51:07.198" level="INFO">Clicking element 'xpath=//android.widget.ImageButton[@content-desc="Open navigation drawer"]'.</msg>
<status status="PASS" starttime="20210328 22:51:07.197" endtime="20210328 22:51:07.358"></status>
</kw>
<kw name="Wait Until Element Is Visible" library="AppiumLibrary">
<doc>Waits until element specified with `locator` is visible.</doc>
<arguments>
<arg>${MENU}</arg>
</arguments>
<status status="PASS" starttime="20210328 22:51:07.358" endtime="20210328 22:51:08.451"></status>
</kw>
<status status="PASS" starttime="20210328 22:51:07.196" endtime="20210328 22:51:08.452"></status>
</kw>
<kw name="Clico no Menu Avengers" library="helpers">
<kw name="Click Text" library="AppiumLibrary">
<doc>Click text identified by ``text``.</doc>
<arguments>
<arg>AVENGERS</arg>
</arguments>
<status status="PASS" starttime="20210328 22:51:08.453" endtime="20210328 22:51:08.764"></status>
</kw>
<kw name="Wait Until Element Is Visible" library="AppiumLibrary">
<doc>Waits until element specified with `locator` is visible.</doc>
<arguments>
<arg>${TOOL_TITLE}</arg>
</arguments>
<status status="PASS" starttime="20210328 22:51:08.764" endtime="20210328 22:51:09.796"></status>
</kw>
<kw name="Element Text Should Be" library="AppiumLibrary">
<doc>Verifies element identified by ``locator`` exactly contains text ``expected``.</doc>
<arguments>
<arg>${TOOL_TITLE}</arg>
<arg>AVENGERS</arg>
</arguments>
<msg timestamp="20210328 22:51:09.799" level="INFO">Verifying element 'id=io.qaninja.android.twp:id/toolbarTitle' contains exactly text 'AVENGERS'.</msg>
<status status="PASS" starttime="20210328 22:51:09.797" endtime="20210328 22:51:09.891"></status>
</kw>
<status status="PASS" starttime="20210328 22:51:08.452" endtime="20210328 22:51:09.891"></status>
</kw>
<kw name="Finalizando Aplicativo" library="base" type="teardown">
<kw name="Capture Page Screenshot" library="AppiumLibrary">
<doc>Takes a screenshot of the current page and embeds it into the log.</doc>
<msg timestamp="20210328 22:51:12.193" level="INFO" html="yes">&lt;/td&gt;&lt;/tr&gt;&lt;tr&gt;&lt;td colspan="3"&gt;&lt;a href="appium-screenshot-8.png"&gt;&lt;img src="appium-screenshot-8.png" width="800px"&gt;&lt;/a&gt;</msg>
<status status="PASS" starttime="20210328 22:51:09.893" endtime="20210328 22:51:12.194"></status>
</kw>
<kw name="Close Application" library="AppiumLibrary">
<doc>Closes the current application and also close webdriver session.</doc>
<status status="PASS" starttime="20210328 22:51:12.194" endtime="20210328 22:51:13.080"></status>
</kw>
<status status="PASS" starttime="20210328 22:51:09.892" endtime="20210328 22:51:13.080"></status>
</kw>
<status status="PASS" starttime="20210328 22:50:41.786" endtime="20210328 22:51:13.080" critical="yes"></status>
</test>
<status status="PASS" starttime="20210328 22:49:40.330" endtime="20210328 22:51:13.084"></status>
</suite>
<suite id="s1-s7" name="Radio" source="D:\Ines\Curso\Robot\mobile\tests\radio.robot">
<test id="s1-s7-t1" name="Deve selecionar a opção Python">
<kw name="Iniciando Aplicativo" library="base" type="setup">
<kw name="Set Appium Timeout" library="AppiumLibrary">
<doc>Sets the timeout in seconds used by various keywords.</doc>
<arguments>
<arg>5</arg>
</arguments>
<status status="PASS" starttime="20210328 22:51:13.100" endtime="20210328 22:51:13.100"></status>
</kw>
<kw name="Open Application" library="AppiumLibrary">
<doc>Opens a new application to given Appium server.
Capabilities of appium server, Android and iOS,
Please check https://github.com/appium/appium/blob/master/docs/en/writing-running-appium/server-args.md
| *Option*            | *Man.* | *Description*     |
| remote_url          | Yes    | Appium server url |
| alias               | no     | alias             |</doc>
<arguments>
<arg>http://localhost:4723/wd/hub</arg>
<arg>automationName=UiAutomator2</arg>
<arg>platformName=Android</arg>
<arg>deviceName=Emulator</arg>
<arg>app=${EXECDIR}/app/twp.apk</arg>
</arguments>
<status status="PASS" starttime="20210328 22:51:13.100" endtime="20210328 22:51:31.132"></status>
</kw>
<status status="PASS" starttime="20210328 22:51:13.099" endtime="20210328 22:51:31.132"></status>
</kw>
<kw name="Acesso o Sistema" library="base">
<kw name="Wait Until Page Contains" library="AppiumLibrary">
<doc>Waits until `text` appears on current page.</doc>
<arguments>
<arg>${START}</arg>
</arguments>
<status status="PASS" starttime="20210328 22:51:31.133" endtime="20210328 22:51:35.446"></status>
</kw>
<kw name="Click Text" library="AppiumLibrary">
<doc>Click text identified by ``text``.</doc>
<arguments>
<arg>${START}</arg>
</arguments>
<status status="PASS" starttime="20210328 22:51:35.446" endtime="20210328 22:51:35.753"></status>
</kw>
<kw name="Wait Until Element Is Visible" library="AppiumLibrary">
<doc>Waits until element specified with `locator` is visible.</doc>
<arguments>
<arg>${TOOL_TITLE}</arg>
</arguments>
<status status="PASS" starttime="20210328 22:51:35.753" endtime="20210328 22:51:37.048"></status>
</kw>
<kw name="Element Text Should Be" library="AppiumLibrary">
<doc>Verifies element identified by ``locator`` exactly contains text ``expected``.</doc>
<arguments>
<arg>${TOOL_TITLE}</arg>
<arg>AVENGERS</arg>
</arguments>
<msg timestamp="20210328 22:51:37.049" level="INFO">Verifying element 'id=io.qaninja.android.twp:id/toolbarTitle' contains exactly text 'AVENGERS'.</msg>
<status status="PASS" starttime="20210328 22:51:37.048" endtime="20210328 22:51:37.150"></status>
</kw>
<status status="PASS" starttime="20210328 22:51:31.132" endtime="20210328 22:51:37.150"></status>
</kw>
<kw name="Clico no Menu Hamburguer" library="helpers">
<kw name="Click Element" library="AppiumLibrary">
<doc>Click element identified by `locator`.</doc>
<arguments>
<arg>${HAMBURGUER}</arg>
</arguments>
<msg timestamp="20210328 22:51:37.153" level="INFO">Clicking element 'xpath=//android.widget.ImageButton[@content-desc="Open navigation drawer"]'.</msg>
<status status="PASS" starttime="20210328 22:51:37.152" endtime="20210328 22:51:37.310"></status>
</kw>
<kw name="Wait Until Element Is Visible" library="AppiumLibrary">
<doc>Waits until element specified with `locator` is visible.</doc>
<arguments>
<arg>${MENU}</arg>
</arguments>
<status status="PASS" starttime="20210328 22:51:37.310" endtime="20210328 22:51:38.450"></status>
</kw>
<status status="PASS" starttime="20210328 22:51:37.151" endtime="20210328 22:51:38.450"></status>
</kw>
<kw name="Clico no Menu Input" library="helpers">
<kw name="Click Text" library="AppiumLibrary">
<doc>Click text identified by ``text``.</doc>
<arguments>
<arg>INPUTS</arg>
</arguments>
<status status="PASS" starttime="20210328 22:51:38.451" endtime="20210328 22:51:38.771"></status>
</kw>
<kw name="Wait Until Element Is Visible" library="AppiumLibrary">
<doc>Waits until element specified with `locator` is visible.</doc>
<arguments>
<arg>${TOOL_TITLE}</arg>
</arguments>
<status status="PASS" starttime="20210328 22:51:38.772" endtime="20210328 22:51:39.817"></status>
</kw>
<kw name="Element Text Should Be" library="AppiumLibrary">
<doc>Verifies element identified by ``locator`` exactly contains text ``expected``.</doc>
<arguments>
<arg>${TOOL_TITLE}</arg>
<arg>INPUTS</arg>
</arguments>
<msg timestamp="20210328 22:51:39.820" level="INFO">Verifying element 'id=io.qaninja.android.twp:id/toolbarTitle' contains exactly text 'INPUTS'.</msg>
<status status="PASS" starttime="20210328 22:51:39.817" endtime="20210328 22:51:39.899"></status>
</kw>
<status status="PASS" starttime="20210328 22:51:38.451" endtime="20210328 22:51:39.899"></status>
</kw>
<kw name="Clico na opção Botão de Radio" library="helpers">
<kw name="Click Text" library="AppiumLibrary">
<doc>Click text identified by ``text``.</doc>
<arguments>
<arg>BOTÕES DE RADIO</arg>
</arguments>
<status status="PASS" starttime="20210328 22:51:39.900" endtime="20210328 22:51:40.055"></status>
</kw>
<kw name="Wait Until Page Contains" library="AppiumLibrary">
<doc>Waits until `text` appears on current page.</doc>
<arguments>
<arg>Escolha sua linguagem preferida</arg>
</arguments>
<status status="PASS" starttime="20210328 22:51:40.056" endtime="20210328 22:51:41.405"></status>
</kw>
<status status="PASS" starttime="20210328 22:51:39.900" endtime="20210328 22:51:41.405"></status>
</kw>
<kw name="Set Variable" library="BuiltIn">
<doc>Returns the given values which can then be assigned to a variables.</doc>
<arguments>
<arg>xpath=//android.widget.RadioButton[contains(@text, 'Python')]</arg>
</arguments>
<assign>
<var>${PYTHON}</var>
</assign>
<msg timestamp="20210328 22:51:41.406" level="INFO">${PYTHON} = xpath=//android.widget.RadioButton[contains(@text, 'Python')]</msg>
<status status="PASS" starttime="20210328 22:51:41.405" endtime="20210328 22:51:41.406"></status>
</kw>
<kw name="Click Element" library="AppiumLibrary">
<doc>Click element identified by `locator`.</doc>
<arguments>
<arg>${PYTHON}</arg>
</arguments>
<msg timestamp="20210328 22:51:41.407" level="INFO">Clicking element 'xpath=//android.widget.RadioButton[contains(@text, 'Python')]'.</msg>
<status status="PASS" starttime="20210328 22:51:41.406" endtime="20210328 22:51:41.557"></status>
</kw>
<kw name="Wait Until Element Is Visible" library="AppiumLibrary">
<doc>Waits until element specified with `locator` is visible.</doc>
<arguments>
<arg>${PYTHON}</arg>
</arguments>
<status status="PASS" starttime="20210328 22:51:41.557" endtime="20210328 22:51:42.240"></status>
</kw>
<kw name="Element Attribute Should Match" library="AppiumLibrary">
<doc>Verify that an attribute of an element matches the expected criteria.</doc>
<arguments>
<arg>${PYTHON}</arg>
<arg>checked</arg>
<arg>true</arg>
</arguments>
<msg timestamp="20210328 22:51:42.377" level="INFO">Element 'xpath=//android.widget.RadioButton[contains(@text, 'Python')]' attribute 'checked' is 'true' </msg>
<status status="PASS" starttime="20210328 22:51:42.241" endtime="20210328 22:51:42.377"></status>
</kw>
<kw name="Finalizando Aplicativo" library="base" type="teardown">
<kw name="Capture Page Screenshot" library="AppiumLibrary">
<doc>Takes a screenshot of the current page and embeds it into the log.</doc>
<msg timestamp="20210328 22:51:43.475" level="INFO" html="yes">&lt;/td&gt;&lt;/tr&gt;&lt;tr&gt;&lt;td colspan="3"&gt;&lt;a href="appium-screenshot-9.png"&gt;&lt;img src="appium-screenshot-9.png" width="800px"&gt;&lt;/a&gt;</msg>
<status status="PASS" starttime="20210328 22:51:42.379" endtime="20210328 22:51:43.475"></status>
</kw>
<kw name="Close Application" library="AppiumLibrary">
<doc>Closes the current application and also close webdriver session.</doc>
<status status="PASS" starttime="20210328 22:51:43.476" endtime="20210328 22:51:44.532"></status>
</kw>
<status status="PASS" starttime="20210328 22:51:42.378" endtime="20210328 22:51:44.533"></status>
</kw>
<status status="PASS" starttime="20210328 22:51:13.098" endtime="20210328 22:51:44.533" critical="yes"></status>
</test>
<doc>Validar tela com campos em radio button</doc>
<status status="PASS" starttime="20210328 22:51:13.089" endtime="20210328 22:51:44.535"></status>
</suite>
<suite id="s1-s8" name="Swipe" source="D:\Ines\Curso\Robot\mobile\tests\swipe.robot">
<test id="s1-s8-t1" name="Arrastando o Vingador Capitão Para Excluir">
<kw name="Iniciando Aplicativo" library="base" type="setup">
<kw name="Set Appium Timeout" library="AppiumLibrary">
<doc>Sets the timeout in seconds used by various keywords.</doc>
<arguments>
<arg>5</arg>
</arguments>
<status status="PASS" starttime="20210328 22:51:44.549" endtime="20210328 22:51:44.550"></status>
</kw>
<kw name="Open Application" library="AppiumLibrary">
<doc>Opens a new application to given Appium server.
Capabilities of appium server, Android and iOS,
Please check https://github.com/appium/appium/blob/master/docs/en/writing-running-appium/server-args.md
| *Option*            | *Man.* | *Description*     |
| remote_url          | Yes    | Appium server url |
| alias               | no     | alias             |</doc>
<arguments>
<arg>http://localhost:4723/wd/hub</arg>
<arg>automationName=UiAutomator2</arg>
<arg>platformName=Android</arg>
<arg>deviceName=Emulator</arg>
<arg>app=${EXECDIR}/app/twp.apk</arg>
</arguments>
<status status="PASS" starttime="20210328 22:51:44.550" endtime="20210328 22:52:03.159"></status>
</kw>
<status status="PASS" starttime="20210328 22:51:44.549" endtime="20210328 22:52:03.159"></status>
</kw>
<kw name="Acesso o Sistema" library="base">
<kw name="Wait Until Page Contains" library="AppiumLibrary">
<doc>Waits until `text` appears on current page.</doc>
<arguments>
<arg>${START}</arg>
</arguments>
<status status="PASS" starttime="20210328 22:52:03.160" endtime="20210328 22:52:07.923"></status>
</kw>
<kw name="Click Text" library="AppiumLibrary">
<doc>Click text identified by ``text``.</doc>
<arguments>
<arg>${START}</arg>
</arguments>
<status status="PASS" starttime="20210328 22:52:07.923" endtime="20210328 22:52:08.232"></status>
</kw>
<kw name="Wait Until Element Is Visible" library="AppiumLibrary">
<doc>Waits until element specified with `locator` is visible.</doc>
<arguments>
<arg>${TOOL_TITLE}</arg>
</arguments>
<status status="PASS" starttime="20210328 22:52:08.232" endtime="20210328 22:52:09.517"></status>
</kw>
<kw name="Element Text Should Be" library="AppiumLibrary">
<doc>Verifies element identified by ``locator`` exactly contains text ``expected``.</doc>
<arguments>
<arg>${TOOL_TITLE}</arg>
<arg>AVENGERS</arg>
</arguments>
<msg timestamp="20210328 22:52:09.518" level="INFO">Verifying element 'id=io.qaninja.android.twp:id/toolbarTitle' contains exactly text 'AVENGERS'.</msg>
<status status="PASS" starttime="20210328 22:52:09.517" endtime="20210328 22:52:09.606"></status>
</kw>
<status status="PASS" starttime="20210328 22:52:03.160" endtime="20210328 22:52:09.607"></status>
</kw>
<kw name="Clico no Menu Hamburguer" library="helpers">
<kw name="Click Element" library="AppiumLibrary">
<doc>Click element identified by `locator`.</doc>
<arguments>
<arg>${HAMBURGUER}</arg>
</arguments>
<msg timestamp="20210328 22:52:09.609" level="INFO">Clicking element 'xpath=//android.widget.ImageButton[@content-desc="Open navigation drawer"]'.</msg>
<status status="PASS" starttime="20210328 22:52:09.607" endtime="20210328 22:52:09.771"></status>
</kw>
<kw name="Wait Until Element Is Visible" library="AppiumLibrary">
<doc>Waits until element specified with `locator` is visible.</doc>
<arguments>
<arg>${MENU}</arg>
</arguments>
<status status="PASS" starttime="20210328 22:52:09.771" endtime="20210328 22:52:10.867"></status>
</kw>
<status status="PASS" starttime="20210328 22:52:09.607" endtime="20210328 22:52:10.867"></status>
</kw>
<kw name="Clico no Menu Avengers" library="helpers">
<kw name="Click Text" library="AppiumLibrary">
<doc>Click text identified by ``text``.</doc>
<arguments>
<arg>AVENGERS</arg>
</arguments>
<status status="PASS" starttime="20210328 22:52:10.868" endtime="20210328 22:52:11.120"></status>
</kw>
<kw name="Wait Until Element Is Visible" library="AppiumLibrary">
<doc>Waits until element specified with `locator` is visible.</doc>
<arguments>
<arg>${TOOL_TITLE}</arg>
</arguments>
<status status="PASS" starttime="20210328 22:52:11.121" endtime="20210328 22:52:12.180"></status>
</kw>
<kw name="Element Text Should Be" library="AppiumLibrary">
<doc>Verifies element identified by ``locator`` exactly contains text ``expected``.</doc>
<arguments>
<arg>${TOOL_TITLE}</arg>
<arg>AVENGERS</arg>
</arguments>
<msg timestamp="20210328 22:52:12.183" level="INFO">Verifying element 'id=io.qaninja.android.twp:id/toolbarTitle' contains exactly text 'AVENGERS'.</msg>
<status status="PASS" starttime="20210328 22:52:12.181" endtime="20210328 22:52:12.298"></status>
</kw>
<status status="PASS" starttime="20210328 22:52:10.868" endtime="20210328 22:52:12.298"></status>
</kw>
<kw name="Clico na Lista de Avengers" library="helpers">
<kw name="Click Text" library="AppiumLibrary">
<doc>Click text identified by ``text``.</doc>
<arguments>
<arg>LISTA</arg>
</arguments>
<status status="PASS" starttime="20210328 22:52:12.299" endtime="20210328 22:52:12.463"></status>
</kw>
<kw name="Wait Until Page Contains" library="AppiumLibrary">
<doc>Waits until `text` appears on current page.</doc>
<arguments>
<arg>LISTA</arg>
</arguments>
<status status="PASS" starttime="20210328 22:52:12.463" endtime="20210328 22:52:12.711"></status>
</kw>
<status status="PASS" starttime="20210328 22:52:12.299" endtime="20210328 22:52:12.711"></status>
</kw>
<kw name="Swipe By Percent" library="AppiumLibrary">
<doc>Swipe from one percent of the screen to another percent, for an optional duration.
Normal swipe fails to scale for different screen resolutions, this can be avoided using percent.</doc>
<arguments>
<arg>87.03</arg>
<arg>18.75</arg>
<arg>47.59</arg>
<arg>18.75</arg>
<arg>1000</arg>
</arguments>
<status status="PASS" starttime="20210328 22:52:12.711" endtime="20210328 22:52:14.925"></status>
</kw>
<kw name="Wait Until Element Is Visible" library="AppiumLibrary">
<doc>Waits until element specified with `locator` is visible.</doc>
<arguments>
<arg>${BTN_REMOVE}</arg>
</arguments>
<msg timestamp="20210328 22:52:20.701" level="INFO">&lt;?xml version='1.0' encoding='UTF-8' standalone='yes' ?&gt;
&lt;hierarchy index="0" class="hierarchy" rotation="0" width="1080" height="1794"&gt;
  &lt;android.widget.FrameLayout index="0" package="io.qaninja.android.twp" class="android.widget.FrameLayout" text="" checkable="false" checked="false" clickable="false" enabled="true" focusable="false" focused="false" long-clickable="false" password="false" scrollable="false" selected="false" bounds="[0,0][1080,1794]" displayed="true"&gt;
    &lt;android.widget.LinearLayout index="0" package="io.qaninja.android.twp" class="android.widget.LinearLayout" text="" checkable="false" checked="false" clickable="false" enabled="true" focusable="false" focused="false" long-clickable="false" password="false" scrollable="false" selected="false" bounds="[0,0][1080,1794]" displayed="true"&gt;
      &lt;android.widget.FrameLayout index="0" package="io.qaninja.android.twp" class="android.widget.FrameLayout" text="" checkable="false" checked="false" clickable="false" enabled="true" focusable="false" focused="false" long-clickable="false" password="false" scrollable="false" selected="false" bounds="[0,0][1080,1794]" displayed="true"&gt;
        &lt;android.widget.LinearLayout index="0" package="io.qaninja.android.twp" class="android.widget.LinearLayout" text="" resource-id="io.qaninja.android.twp:id/action_bar_root" checkable="false" checked="false" clickable="false" enabled="true" focusable="false" focused="false" long-clickable="false" password="false" scrollable="false" selected="false" bounds="[0,0][1080,1794]" displayed="true"&gt;
          &lt;android.widget.FrameLayout index="0" package="io.qaninja.android.twp" class="android.widget.FrameLayout" text="" resource-id="android:id/content" checkable="false" checked="false" clickable="false" enabled="true" focusable="false" focused="false" long-clickable="false" password="false" scrollable="false" selected="false" bounds="[0,0][1080,1794]" displayed="true"&gt;
            &lt;android.view.ViewGroup index="0" package="io.qaninja.android.twp" class="android.view.ViewGroup" text="" checkable="false" checked="false" clickable="false" enabled="true" focusable="false" focused="false" long-clickable="false" password="false" scrollable="false" selected="false" bounds="[0,0][1080,1794]" displayed="true"&gt;
              &lt;android.widget.LinearLayout index="0" package="io.qaninja.android.twp" class="android.widget.LinearLayout" text="" checkable="false" checked="false" clickable="false" enabled="true" focusable="false" focused="false" long-clickable="false" password="false" scrollable="false" selected="false" bounds="[0,63][1080,210]" displayed="true"&gt;
                &lt;android.view.ViewGroup index="0" package="io.qaninja.android.twp" class="android.view.ViewGroup" text="" resource-id="io.qaninja.android.twp:id/toolbar" checkable="false" checked="false" clickable="false" enabled="true" focusable="false" focused="false" long-clickable="false" password="false" scrollable="false" selected="false" bounds="[0,63][1080,210]" displayed="true"&gt;
                  &lt;android.widget.RelativeLayout index="0" package="io.qaninja.android.twp" class="android.widget.RelativeLayout" text="" checkable="false" checked="false" clickable="false" enabled="true" focusable="false" focused="false" long-clickable="false" password="false" scrollable="false" selected="false" bounds="[42,63][1080,210]" displayed="true"&gt;
                    &lt;android.widget.ImageView index="0" package="io.qaninja.android.twp" class="android.widget.ImageView" text="" resource-id="io.qaninja.android.twp:id/ivBack" checkable="false" checked="false" clickable="true" enabled="true" focusable="true" focused="false" long-clickable="false" password="false" scrollable="false" selected="false" bounds="[42,73][137,200]" displayed="true" /&gt;
                    &lt;android.widget.TextView index="1" package="io.qaninja.android.twp" class="android.widget.TextView" text="LISTA" resource-id="io.qaninja.android.twp:id/toolbarTitle" checkable="false" checked="false" clickable="false" enabled="true" focusable="false" focused="false" long-clickable="false" password="false" scrollable="false" selected="false" bounds="[137,115][888,158]" displayed="true" /&gt;
                    &lt;android.widget.Button index="2" package="io.qaninja.android.twp" class="android.widget.Button" text="QA NINJA" resource-id="io.qaninja.android.twp:id/btnBuyNowToolbar" checkable="false" checked="false" clickable="true" enabled="true" focusable="true" focused="false" long-clickable="false" password="false" scrollable="false" selected="false" bounds="[888,96][1059,177]" displayed="true" /&gt;
                  &lt;/android.widget.RelativeLayout&gt;
                &lt;/android.view.ViewGroup&gt;
              &lt;/android.widget.LinearLayout&gt;
              &lt;android.widget.FrameLayout index="1" package="io.qaninja.android.twp" class="android.widget.FrameLayout" text="" resource-id="io.qaninja.android.twp:id/fragment" checkable="false" checked="false" clickable="false" enabled="true" focusable="false" focused="false" long-clickable="false" password="false" scrollable="false" selected="false" bounds="[0,210][1080,1794]" displayed="true"&gt;
                &lt;android.view.ViewGroup index="0" package="io.qaninja.android.twp" class="android.view.ViewGroup" text="" resource-id="io.qaninja.android.twp:id/coordinatorParent" checkable="false" checked="false" clickable="false" enabled="true" focusable="false" focused="false" long-clickable="false" password="false" scrollable="false" selected="false" bounds="[0,210][1080,1794]" displayed="true"&gt;
                  &lt;androidx.recyclerview.widget.RecyclerView index="0" package="io.qaninja.android.twp" class="androidx.recyclerview.widget.RecyclerView" text="" resource-id="io.qaninja.android.twp:id/rvList" checkable="false" checked="false" clickable="false" enabled="true" focusable="true" focused="false" long-clickable="false" password="false" scrollable="false" selected="false" bounds="[0,210][1080,1794]" displayed="true"&gt;
                    &lt;android.widget.FrameLayout index="0" package="io.qaninja.android.twp" class="android.widget.FrameLayout" text="" checkable="false" checked="false" clickable="true" enabled="true" focusable="true" focused="false" long-clickable="false" password="false" scrollable="false" selected="false" bounds="[0,231][1080,494]" displayed="true"&gt;
                      &lt;android.widget.FrameLayout index="0" package="io.qaninja.android.twp" class="android.widget.FrameLayout" text="" resource-id="io.qaninja.android.twp:id/container" checkable="false" checked="false" clickable="true" enabled="true" focusable="true" focused="false" long-clickable="false" password="false" scrollable="false" selected="false" bounds="[0,231][1080,494]" displayed="true"&gt;
                        &lt;android.widget.RelativeLayout index="0" package="io.qaninja.android.twp" class="android.widget.RelativeLayout" text="" resource-id="io.qaninja.android.twp:id/drag_handle" checkable="false" checked="false" clickable="true" enabled="true" focusable="true" focused="false" long-clickable="false" password="false" scrollable="false" selected="false" bounds="[0,231][142,494]" displayed="true" /&gt;
                        &lt;android.view.ViewGroup index="1" package="io.qaninja.android.twp" class="android.view.ViewGroup" text="" checkable="false" checked="false" clickable="false" enabled="true" focusable="false" focused="false" long-clickable="false" password="false" scrollable="false" selected="false" bounds="[142,231][975,494]" displayed="true"&gt;
                          &lt;android.widget.ImageView index="0" package="io.qaninja.android.twp" class="android.widget.ImageView" text="" content-desc="Icon" resource-id="io.qaninja.android.twp:id/imageAvatar" checkable="false" checked="false" clickable="false" enabled="true" focusable="false" focused="false" long-clickable="false" password="false" scrollable="false" selected="false" bounds="[205,279][373,447]" displayed="true" /&gt;
                          &lt;android.widget.LinearLayout index="1" package="io.qaninja.android.twp" class="android.widget.LinearLayout" text="" checkable="false" checked="false" clickable="false" enabled="true" focusable="false" focused="false" long-clickable="false" password="false" scrollable="false" selected="false" bounds="[436,231][742,494]" displayed="true"&gt;
[...]
                          &lt;android.widget.ImageView index="0" package="io.qaninja.android.twp" class="android.widget.ImageView" text="" content-desc="Icon" resource-id="io.qaninja.android.twp:id/imageAvatar" checkable="false" checked="false" clickable="false" enabled="true" focusable="false" focused="false" long-clickable="false" password="false" scrollable="false" selected="false" bounds="[205,563][373,731]" displayed="true" /&gt;
                          &lt;android.widget.LinearLayout index="1" package="io.qaninja.android.twp" class="android.widget.LinearLayout" text="" checkable="false" checked="false" clickable="false" enabled="true" focusable="false" focused="false" long-clickable="false" password="false" scrollable="false" selected="false" bounds="[436,515][522,778]" displayed="true"&gt;
                            &lt;android.widget.TextView index="0" package="io.qaninja.android.twp" class="android.widget.TextView" text="Thor" resource-id="io.qaninja.android.twp:id/txtName" checkable="false" checked="false" clickable="false" enabled="true" focusable="false" focused="false" long-clickable="false" password="false" scrollable="false" selected="false" bounds="[436,586][522,643]" displayed="true" /&gt;
                            &lt;android.widget.TextView index="1" package="io.qaninja.android.twp" class="android.widget.TextView" text="@thor" resource-id="io.qaninja.android.twp:id/textAbout" checkable="false" checked="false" clickable="false" enabled="true" focusable="false" focused="false" long-clickable="false" password="false" scrollable="false" selected="false" bounds="[436,664][522,707]" displayed="true" /&gt;
                          &lt;/android.widget.LinearLayout&gt;
                        &lt;/android.view.ViewGroup&gt;
                        &lt;android.widget.FrameLayout index="2" package="io.qaninja.android.twp" class="android.widget.FrameLayout" text="" resource-id="io.qaninja.android.twp:id/indicator" checkable="false" checked="false" clickable="false" enabled="true" focusable="false" focused="false" long-clickable="false" password="false" scrollable="false" selected="false" bounds="[975,615][1038,678]" displayed="true"&gt;
                          &lt;android.widget.ImageView index="0" package="io.qaninja.android.twp" class="android.widget.ImageView" text="" resource-id="io.qaninja.android.twp:id/image_view" checkable="false" checked="false" clickable="false" enabled="true" focusable="false" focused="false" long-clickable="false" password="false" scrollable="false" selected="false" bounds="[975,615][1038,678]" displayed="true" /&gt;
                        &lt;/android.widget.FrameLayout&gt;
                      &lt;/android.widget.FrameLayout&gt;
                    &lt;/android.widget.FrameLayout&gt;
                    &lt;android.widget.FrameLayout index="2" package="io.qaninja.android.twp" class="android.widget.FrameLayout" text="" checkable="false" checked="false" clickable="true" enabled="true" focusable="true" focused="false" long-clickable="false" password="false" scrollable="false" selected="false" bounds="[0,799][1080,1062]" displayed="true"&gt;
                      &lt;android.widget.FrameLayout index="0" package="io.qaninja.android.twp" class="android.widget.FrameLayout" text="" resource-id="io.qaninja.android.twp:id/container" checkable="false" checked="false" clickable="true" enabled="true" focusable="true" focused="false" long-clickable="false" password="false" scrollable="false" selected="false" bounds="[0,799][1080,1062]" displayed="true"&gt;
                        &lt;android.widget.RelativeLayout index="0" package="io.qaninja.android.twp" class="android.widget.RelativeLayout" text="" resource-id="io.qaninja.android.twp:id/drag_handle" checkable="false" checked="false" clickable="true" enabled="true" focusable="true" focused="false" long-clickable="false" password="false" scrollable="false" selected="false" bounds="[0,799][142,1062]" displayed="true" /&gt;
                        &lt;android.view.ViewGroup index="1" package="io.qaninja.android.twp" class="android.view.ViewGroup" text="" checkable="false" checked="false" clickable="false" enabled="true" focusable="false" focused="false" long-clickable="false" password="false" scrollable="false" selected="false" bounds="[142,799][975,1062]" displayed="true"&gt;
                          &lt;android.widget.ImageView index="0" package="io.qaninja.android.twp" class="android.widget.ImageView" text="" content-desc="Icon" resource-id="io.qaninja.android.twp:id/imageAvatar" checkable="false" checked="false" clickable="false" enabled="true" focusable="false" focused="false" long-clickable="false" password="false" scrollable="false" selected="false" bounds="[205,847][373,1015]" displayed="true" /&gt;
                          &lt;android.widget.LinearLayout index="1" package="io.qaninja.android.twp" class="android.widget.LinearLayout" text="" checkable="false" checked="false" clickable="false" enabled="true" focusable="false" focused="false" long-clickable="false" password="false" scrollable="false" selected="false" bounds="[436,799][749,1062]" displayed="true"&gt;
                            &lt;android.widget.TextView index="0" package="io.qaninja.android.twp" class="android.widget.TextView" text="Homem de Ferro" resource-id="io.qaninja.android.twp:id/txtName" checkable="false" checked="false" clickable="false" enabled="true" focusable="false" focused="false" long-clickable="false" password="false" scrollable="false" selected="false" bounds="[436,870][749,927]" displayed="true" /&gt;
                            &lt;android.widget.TextView index="1" package="io.qaninja.android.twp" class="android.widget.TextView" text="@stark" resource-id="io.qaninja.android.twp:id/textAbout" checkable="false" checked="false" clickable="false" enabled="true" focusable="false" focused="false" long-clickable="false" password="false" scrollable="false" selected="false" bounds="[436,948][749,991]" displayed="true" /&gt;
                          &lt;/android.widget.LinearLayout&gt;
                        &lt;/android.view.ViewGroup&gt;
                        &lt;android.widget.FrameLayout index="2" package="io.qaninja.android.twp" class="android.widget.FrameLayout" text="" resource-id="io.qaninja.android.twp:id/indicator" checkable="false" checked="false" clickable="false" enabled="true" focusable="false" focused="false" long-clickable="false" password="false" scrollable="false" selected="false" bounds="[975,899][1038,962]" displayed="true"&gt;
                          &lt;android.widget.ImageView index="0" package="io.qaninja.android.twp" class="android.widget.ImageView" text="" resource-id="io.qaninja.android.twp:id/image_view" checkable="false" checked="false" clickable="false" enabled="true" focusable="false" focused="false" long-clickable="false" password="false" scrollable="false" selected="false" bounds="[975,899][1038,962]" displayed="true" /&gt;
                        &lt;/android.widget.FrameLayout&gt;
                      &lt;/android.widget.FrameLayout&gt;
                    &lt;/android.widget.FrameLayout&gt;
                    &lt;android.widget.FrameLayout index="3" package="io.qaninja.android.twp" class="android.widget.FrameLayout" text="" checkable="false" checked="false" clickable="true" enabled="true" focusable="true" focused="false" long-clickable="false" password="false" scrollable="false" selected="false" bounds="[0,1083][1080,1346]" displayed="true"&gt;
                      &lt;android.widget.FrameLayout index="0" package="io.qaninja.android.twp" class="android.widget.FrameLayout" text="" resource-id="io.qaninja.android.twp:id/container" checkable="false" checked="false" clickable="true" enabled="true" focusable="true" focused="false" long-clickable="false" password="false" scrollable="false" selected="false" bounds="[0,1083][1080,1346]" displayed="true"&gt;
                        &lt;android.widget.RelativeLayout index="0" package="io.qaninja.android.twp" class="android.widget.RelativeLayout" text="" resource-id="io.qaninja.android.twp:id/drag_handle" checkable="false" checked="false" clickable="true" enabled="true" focusable="true" focused="false" long-clickable="false" password="false" scrollable="false" selected="false" bounds="[0,1083][142,1346]" displayed="true" /&gt;
                        &lt;android.view.ViewGroup index="1" package="io.qaninja.android.twp" class="android.view.ViewGroup" text="" checkable="false" checked="false" clickable="false" enabled="true" focusable="false" focused="false" long-clickable="false" password="false" scrollable="false" selected="false" bounds="[142,1083][975,1346]" displayed="true"&gt;
                          &lt;android.widget.ImageView index="0" package="io.qaninja.android.twp" class="android.widget.ImageView" text="" content-desc="Icon" resource-id="io.qaninja.android.twp:id/imageAvatar" checkable="false" checked="false" clickable="false" enabled="true" focusable="false" focused="false" long-clickable="false" password="false" scrollable="false" selected="false" bounds="[205,1131][373,1299]" displayed="true" /&gt;
                          &lt;android.widget.LinearLayout index="1" package="io.qaninja.android.twp" class="android.widget.LinearLayout" text="" checkable="false" checked="false" clickable="false" enabled="true" focusable="false" focused="false" long-clickable="false" password="false" scrollable="false" selected="false" bounds="[436,1083][644,1346]" displayed="true"&gt;
                            &lt;android.widget.TextView index="0" package="io.qaninja.android.twp" class="android.widget.TextView" text="Hulk" resource-id="io.qaninja.android.twp:id/txtName" checkable="false" checked="false" clickable="false" enabled="true" focusable="false" focused="false" long-clickable="false" password="false" scrollable="false" selected="false" bounds="[436,1154][644,1211]" displayed="true" /&gt;
                            &lt;android.widget.TextView index="1" package="io.qaninja.android.twp" class="android.widget.TextView" text="@brucebanner" resource-id="io.qaninja.android.twp:id/textAbout" checkable="false" checked="false" clickable="false" enabled="true" focusable="false" focused="false" long-clickable="false" password="false" scrollable="false" selected="false" bounds="[436,1232][644,1275]" displayed="true" /&gt;
                          &lt;/android.widget.LinearLayout&gt;
                        &lt;/android.view.ViewGroup&gt;
                        &lt;android.widget.FrameLayout index="2" package="io.qaninja.android.twp" class="android.widget.FrameLayout" text="" resource-id="io.qaninja.android.twp:id/indicator" checkable="false" checked="false" clickable="false" enabled="true" focusable="false" focused="false" long-clickable="false" password="false" scrollable="false" selected="false" bounds="[975,1183][1038,1246]" displayed="true"&gt;
                          &lt;android.widget.ImageView index="0" package="io.qaninja.android.twp" class="android.widget.ImageView" text="" resource-id="io.qaninja.android.twp:id/image_view" checkable="false" checked="false" clickable="false" enabled="true" focusable="false" focused="false" long-clickable="false" password="false" scrollable="false" selected="false" bounds="[975,1183][1038,1246]" displayed="true" /&gt;
                        &lt;/android.widget.FrameLayout&gt;
                      &lt;/android.widget.FrameLayout&gt;
                    &lt;/android.widget.FrameLayout&gt;
                    &lt;android.widget.FrameLayout index="4" package="io.qaninja.android.twp" class="android.widget.FrameLayout" text="" checkable="false" checked="false" clickable="true" enabled="true" focusable="true" focused="false" long-clickable="false" password="false" scrollable="false" selected="false" bounds="[0,1367][1080,1630]" displayed="true"&gt;
                      &lt;android.widget.FrameLayout index="0" package="io.qaninja.android.twp" class="android.widget.FrameLayout" text="" resource-id="io.qaninja.android.twp:id/container" checkable="false" checked="false" clickable="true" enabled="true" focusable="true" focused="false" long-clickable="false" password="false" scrollable="false" selected="false" bounds="[0,1367][1080,1630]" displayed="true"&gt;
                        &lt;android.widget.RelativeLayout index="0" package="io.qaninja.android.twp" class="android.widget.RelativeLayout" text="" resource-id="io.qaninja.android.twp:id/drag_handle" checkable="false" checked="false" clickable="true" enabled="true" focusable="true" focused="false" long-clickable="false" password="false" scrollable="false" selected="false" bounds="[0,1367][142,1630]" displayed="true" /&gt;
                        &lt;android.view.ViewGroup index="1" package="io.qaninja.android.twp" class="android.view.ViewGroup" text="" checkable="false" checked="false" clickable="false" enabled="true" focusable="false" focused="false" long-clickable="false" password="false" scrollable="false" selected="false" bounds="[142,1367][975,1630]" displayed="true"&gt;
                          &lt;android.widget.ImageView index="0" package="io.qaninja.android.twp" class="android.widget.ImageView" text="" content-desc="Icon" resource-id="io.qaninja.android.twp:id/imageAvatar" checkable="false" checked="false" clickable="false" enabled="true" focusable="false" focused="false" long-clickable="false" password="false" scrollable="false" selected="false" bounds="[205,1415][373,1583]" displayed="true" /&gt;
                          &lt;android.widget.LinearLayout index="1" package="io.qaninja.android.twp" class="android.widget.LinearLayout" text="" checkable="false" checked="false" clickable="false" enabled="true" focusable="false" focused="false" long-clickable="false" password="false" scrollable="false" selected="false" bounds="[436,1367][727,1630]" displayed="true"&gt;
                            &lt;android.widget.TextView index="0" package="io.qaninja.android.twp" class="android.widget.TextView" text="Homem Aranha" resource-id="io.qaninja.android.twp:id/txtName" checkable="false" checked="false" clickable="false" enabled="true" focusable="false" focused="false" long-clickable="false" password="false" scrollable="false" selected="false" bounds="[436,1438][727,1495]" displayed="true" /&gt;
                            &lt;android.widget.TextView index="1" package="io.qaninja.android.twp" class="android.widget.TextView" text="@spiderman" resource-id="io.qaninja.android.twp:id/textAbout" checkable="false" checked="false" clickable="false" enabled="true" focusable="false" focused="false" long-clickable="false" password="false" scrollable="false" selected="false" bounds="[436,1516][727,1559]" displayed="true" /&gt;
                          &lt;/android.widget.LinearLayout&gt;
                        &lt;/android.view.ViewGroup&gt;
                        &lt;android.widget.FrameLayout index="2" package="io.qaninja.android.twp" class="android.widget.FrameLayout" text="" resource-id="io.qaninja.android.twp:id/indicator" checkable="false" checked="false" clickable="false" enabled="true" focusable="false" focused="false" long-clickable="false" password="false" scrollable="false" selected="false" bounds="[975,1467][1038,1530]" displayed="true"&gt;
                          &lt;android.widget.ImageView index="0" package="io.qaninja.android.twp" class="android.widget.ImageView" text="" resource-id="io.qaninja.android.twp:id/image_view" checkable="false" checked="false" clickable="false" enabled="true" focusable="false" focused="false" long-clickable="false" password="false" scrollable="false" selected="false" bounds="[975,1467][1038,1530]" displayed="true" /&gt;
                        &lt;/android.widget.FrameLayout&gt;
                      &lt;/android.widget.FrameLayout&gt;
                    &lt;/android.widget.FrameLayout&gt;
                  &lt;/androidx.recyclerview.widget.RecyclerView&gt;
                  &lt;android.widget.ImageButton index="1" package="io.qaninja.android.twp" class="android.widget.ImageButton" text="" resource-id="io.qaninja.android.twp:id/fab" checkable="false" checked="false" clickable="true" enabled="true" focusable="true" focused="false" long-clickable="false" password="false" scrollable="false" selected="false" bounds="[870,1584][1017,1731]" displayed="true" /&gt;
                &lt;/android.view.ViewGroup&gt;
              &lt;/android.widget.FrameLayout&gt;
            &lt;/android.view.ViewGroup&gt;
          &lt;/android.widget.FrameLayout&gt;
        &lt;/android.widget.LinearLayout&gt;
      &lt;/android.widget.FrameLayout&gt;
    &lt;/android.widget.LinearLayout&gt;
  &lt;/android.widget.FrameLayout&gt;
&lt;/hierarchy&gt;</msg>
<kw name="Capture Page Screenshot" library="AppiumLibrary">
<doc>Takes a screenshot of the current page and embeds it into the log.</doc>
<msg timestamp="20210328 22:52:22.135" level="INFO" html="yes">&lt;/td&gt;&lt;/tr&gt;&lt;tr&gt;&lt;td colspan="3"&gt;&lt;a href="appium-screenshot-10.png"&gt;&lt;img src="appium-screenshot-10.png" width="800px"&gt;&lt;/a&gt;</msg>
<status status="PASS" starttime="20210328 22:52:20.702" endtime="20210328 22:52:22.135"></status>
</kw>
<msg timestamp="20210328 22:52:22.136" level="FAIL">Element locator 'id=io.qaninja.android.twp:id/btnRemove' did not match any elements after 5 seconds</msg>
<status status="FAIL" starttime="20210328 22:52:14.926" endtime="20210328 22:52:22.136"></status>
</kw>
<kw name="Finalizando Aplicativo" library="base" type="teardown">
<kw name="Capture Page Screenshot" library="AppiumLibrary">
<doc>Takes a screenshot of the current page and embeds it into the log.</doc>
<msg timestamp="20210328 22:52:23.463" level="INFO" html="yes">&lt;/td&gt;&lt;/tr&gt;&lt;tr&gt;&lt;td colspan="3"&gt;&lt;a href="appium-screenshot-11.png"&gt;&lt;img src="appium-screenshot-11.png" width="800px"&gt;&lt;/a&gt;</msg>
<status status="PASS" starttime="20210328 22:52:22.137" endtime="20210328 22:52:23.463"></status>
</kw>
<kw name="Close Application" library="AppiumLibrary">
<doc>Closes the current application and also close webdriver session.</doc>
<status status="PASS" starttime="20210328 22:52:23.463" endtime="20210328 22:52:24.566"></status>
</kw>
<status status="PASS" starttime="20210328 22:52:22.137" endtime="20210328 22:52:24.566"></status>
</kw>
<tags>
<tag>remove_cap</tag>
</tags>
<status status="FAIL" starttime="20210328 22:51:44.548" endtime="20210328 22:52:24.567" critical="yes">Element locator 'id=io.qaninja.android.twp:id/btnRemove' did not match any elements after 5 seconds</status>
</test>
<status status="FAIL" starttime="20210328 22:51:44.539" endtime="20210328 22:52:24.570"></status>
</suite>
<status status="FAIL" starttime="20210328 22:46:17.279" endtime="20210328 22:52:24.575"></status>
</suite>
<statistics>
<total>
<stat pass="10" fail="1">Critical Tests</stat>
<stat pass="10" fail="1">All Tests</stat>
</total>
<tag>
<stat pass="1" fail="0">longo</stat>
<stat pass="0" fail="1">remove_cap</stat>
<stat pass="1" fail="0">simples</stat>
</tag>
<suite>
<stat pass="10" fail="1" id="s1" name="Tests">Tests</stat>
<stat pass="1" fail="0" id="s1-s1" name="Checkbox">Tests.Checkbox</stat>
<stat pass="2" fail="0" id="s1-s2" name="Clique">Tests.Clique</stat>
<stat pass="1" fail="0" id="s1-s3" name="Drag Drop">Tests.Drag Drop</stat>
<stat pass="1" fail="0" id="s1-s4" name="Home">Tests.Home</stat>
<stat pass="1" fail="0" id="s1-s5" name="Login">Tests.Login</stat>
<stat pass="3" fail="0" id="s1-s6" name="Menu">Tests.Menu</stat>
<stat pass="1" fail="0" id="s1-s7" name="Radio">Tests.Radio</stat>
<stat pass="0" fail="1" id="s1-s8" name="Swipe">Tests.Swipe</stat>
</suite>
</statistics>
<errors>
</errors>
</robot>
